{"C:\\KALIADMIN\\gendhis\\skripsi\\backend\\src\\controllers\\adminController.js": {"path":"C:\\KALIADMIN\\gendhis\\skripsi\\backend\\src\\controllers\\adminController.js","statementMap":{"0":{"start":{"line":3,"column":41},"end":{"line":3,"column":47}},"1":{"start":{"line":5,"column":31},"end":{"line":32,"column":1}},"2":{"start":{"line":6,"column":4},"end":{"line":31,"column":5}},"3":{"start":{"line":7,"column":32},"end":{"line":10,"column":10}},"4":{"start":{"line":11,"column":32},"end":{"line":14,"column":10}},"5":{"start":{"line":15,"column":32},"end":{"line":18,"column":10}},"6":{"start":{"line":21,"column":34},"end":{"line":21,"column":99}},"7":{"start":{"line":21,"column":60},"end":{"line":21,"column":97}},"8":{"start":{"line":22,"column":34},"end":{"line":22,"column":99}},"9":{"start":{"line":22,"column":60},"end":{"line":22,"column":97}},"10":{"start":{"line":23,"column":34},"end":{"line":23,"column":99}},"11":{"start":{"line":23,"column":60},"end":{"line":23,"column":97}},"12":{"start":{"line":25,"column":27},"end":{"line":25,"column":93}},"13":{"start":{"line":27,"column":8},"end":{"line":27,"column":29}},"14":{"start":{"line":29,"column":8},"end":{"line":29,"column":62}},"15":{"start":{"line":30,"column":8},"end":{"line":30,"column":58}},"16":{"start":{"line":34,"column":26},"end":{"line":64,"column":1}},"17":{"start":{"line":35,"column":37},"end":{"line":35,"column":45}},"18":{"start":{"line":37,"column":4},"end":{"line":39,"column":5}},"19":{"start":{"line":38,"column":8},"end":{"line":38,"column":95}},"20":{"start":{"line":41,"column":4},"end":{"line":63,"column":5}},"21":{"start":{"line":43,"column":8},"end":{"line":48,"column":9}},"22":{"start":{"line":43,"column":33},"end":{"line":43,"column":50}},"23":{"start":{"line":44,"column":13},"end":{"line":48,"column":9}},"24":{"start":{"line":44,"column":38},"end":{"line":44,"column":55}},"25":{"start":{"line":45,"column":13},"end":{"line":48,"column":9}},"26":{"start":{"line":45,"column":38},"end":{"line":45,"column":55}},"27":{"start":{"line":47,"column":12},"end":{"line":47,"column":69}},"28":{"start":{"line":50,"column":21},"end":{"line":50,"column":49}},"29":{"start":{"line":52,"column":8},"end":{"line":54,"column":9}},"30":{"start":{"line":53,"column":12},"end":{"line":53,"column":71}},"31":{"start":{"line":56,"column":8},"end":{"line":56,"column":69}},"32":{"start":{"line":57,"column":8},"end":{"line":57,"column":26}},"33":{"start":{"line":59,"column":8},"end":{"line":59,"column":68}},"34":{"start":{"line":61,"column":8},"end":{"line":61,"column":54}},"35":{"start":{"line":62,"column":8},"end":{"line":62,"column":58}}},"fnMap":{"0":{"name":"(anonymous_0)","decl":{"start":{"line":5,"column":31},"end":{"line":5,"column":32}},"loc":{"start":{"line":5,"column":51},"end":{"line":32,"column":1}},"line":5},"1":{"name":"(anonymous_1)","decl":{"start":{"line":21,"column":54},"end":{"line":21,"column":55}},"loc":{"start":{"line":21,"column":60},"end":{"line":21,"column":97}},"line":21},"2":{"name":"(anonymous_2)","decl":{"start":{"line":22,"column":54},"end":{"line":22,"column":55}},"loc":{"start":{"line":22,"column":60},"end":{"line":22,"column":97}},"line":22},"3":{"name":"(anonymous_3)","decl":{"start":{"line":23,"column":54},"end":{"line":23,"column":55}},"loc":{"start":{"line":23,"column":60},"end":{"line":23,"column":97}},"line":23},"4":{"name":"(anonymous_4)","decl":{"start":{"line":34,"column":26},"end":{"line":34,"column":27}},"loc":{"start":{"line":34,"column":46},"end":{"line":64,"column":1}},"line":34}},"branchMap":{"0":{"loc":{"start":{"line":37,"column":4},"end":{"line":39,"column":5}},"type":"if","locations":[{"start":{"line":37,"column":4},"end":{"line":39,"column":5}},{"start":{},"end":{}}],"line":37},"1":{"loc":{"start":{"line":43,"column":8},"end":{"line":48,"column":9}},"type":"if","locations":[{"start":{"line":43,"column":8},"end":{"line":48,"column":9}},{"start":{"line":44,"column":13},"end":{"line":48,"column":9}}],"line":43},"2":{"loc":{"start":{"line":44,"column":13},"end":{"line":48,"column":9}},"type":"if","locations":[{"start":{"line":44,"column":13},"end":{"line":48,"column":9}},{"start":{"line":45,"column":13},"end":{"line":48,"column":9}}],"line":44},"3":{"loc":{"start":{"line":45,"column":13},"end":{"line":48,"column":9}},"type":"if","locations":[{"start":{"line":45,"column":13},"end":{"line":48,"column":9}},{"start":{"line":46,"column":13},"end":{"line":48,"column":9}}],"line":45},"4":{"loc":{"start":{"line":52,"column":8},"end":{"line":54,"column":9}},"type":"if","locations":[{"start":{"line":52,"column":8},"end":{"line":54,"column":9}},{"start":{},"end":{}}],"line":52},"5":{"loc":{"start":{"line":56,"column":22},"end":{"line":56,"column":68}},"type":"cond-expr","locations":[{"start":{"line":56,"column":45},"end":{"line":56,"column":55}},{"start":{"line":56,"column":58},"end":{"line":56,"column":68}}],"line":56}},"s":{"0":0,"1":0,"2":0,"3":0,"4":0,"5":0,"6":0,"7":0,"8":0,"9":0,"10":0,"11":0,"12":0,"13":0,"14":0,"15":0,"16":0,"17":0,"18":0,"19":0,"20":0,"21":0,"22":0,"23":0,"24":0,"25":0,"26":0,"27":0,"28":0,"29":0,"30":0,"31":0,"32":0,"33":0,"34":0,"35":0},"f":{"0":0,"1":0,"2":0,"3":0,"4":0},"b":{"0":[0,0],"1":[0,0],"2":[0,0],"3":[0,0],"4":[0,0],"5":[0,0]}}
,"C:\\KALIADMIN\\gendhis\\skripsi\\backend\\src\\controllers\\authController.js": {"path":"C:\\KALIADMIN\\gendhis\\skripsi\\backend\\src\\controllers\\authController.js","statementMap":{"0":{"start":{"line":5,"column":56},"end":{"line":5,"column":62}},"1":{"start":{"line":7,"column":22},"end":{"line":11,"column":1}},"2":{"start":{"line":8,"column":4},"end":{"line":10,"column":7}},"3":{"start":{"line":15,"column":29},"end":{"line":36,"column":1}},"4":{"start":{"line":16,"column":4},"end":{"line":35,"column":5}},"5":{"start":{"line":17,"column":42},"end":{"line":17,"column":50}},"6":{"start":{"line":18,"column":27},"end":{"line":18,"column":68}},"7":{"start":{"line":19,"column":8},"end":{"line":19,"column":88}},"8":{"start":{"line":19,"column":24},"end":{"line":19,"column":88}},"9":{"start":{"line":21,"column":21},"end":{"line":21,"column":66}},"10":{"start":{"line":24,"column":8},"end":{"line":24,"column":72}},"11":{"start":{"line":26,"column":8},"end":{"line":32,"column":11}},"12":{"start":{"line":34,"column":8},"end":{"line":34,"column":57}},"13":{"start":{"line":38,"column":32},"end":{"line":59,"column":1}},"14":{"start":{"line":39,"column":4},"end":{"line":58,"column":5}},"15":{"start":{"line":40,"column":58},"end":{"line":40,"column":66}},"16":{"start":{"line":41,"column":27},"end":{"line":41,"column":71}},"17":{"start":{"line":42,"column":8},"end":{"line":42,"column":88}},"18":{"start":{"line":42,"column":24},"end":{"line":42,"column":88}},"19":{"start":{"line":44,"column":21},"end":{"line":44,"column":85}},"20":{"start":{"line":47,"column":8},"end":{"line":47,"column":75}},"21":{"start":{"line":49,"column":8},"end":{"line":55,"column":11}},"22":{"start":{"line":57,"column":8},"end":{"line":57,"column":57}},"23":{"start":{"line":61,"column":32},"end":{"line":82,"column":1}},"24":{"start":{"line":62,"column":4},"end":{"line":81,"column":5}},"25":{"start":{"line":63,"column":78},"end":{"line":63,"column":86}},"26":{"start":{"line":64,"column":27},"end":{"line":64,"column":71}},"27":{"start":{"line":65,"column":8},"end":{"line":65,"column":88}},"28":{"start":{"line":65,"column":24},"end":{"line":65,"column":88}},"29":{"start":{"line":67,"column":21},"end":{"line":67,"column":105}},"30":{"start":{"line":70,"column":8},"end":{"line":70,"column":75}},"31":{"start":{"line":72,"column":8},"end":{"line":78,"column":11}},"32":{"start":{"line":80,"column":8},"end":{"line":80,"column":57}},"33":{"start":{"line":84,"column":32},"end":{"line":103,"column":1}},"34":{"start":{"line":85,"column":4},"end":{"line":102,"column":5}},"35":{"start":{"line":86,"column":79},"end":{"line":86,"column":87}},"36":{"start":{"line":87,"column":27},"end":{"line":87,"column":71}},"37":{"start":{"line":88,"column":8},"end":{"line":88,"column":88}},"38":{"start":{"line":88,"column":24},"end":{"line":88,"column":88}},"39":{"start":{"line":90,"column":21},"end":{"line":90,"column":106}},"40":{"start":{"line":93,"column":8},"end":{"line":99,"column":11}},"41":{"start":{"line":101,"column":8},"end":{"line":101,"column":57}},"42":{"start":{"line":107,"column":18},"end":{"line":133,"column":1}},"43":{"start":{"line":108,"column":4},"end":{"line":132,"column":5}},"44":{"start":{"line":109,"column":36},"end":{"line":109,"column":44}},"45":{"start":{"line":110,"column":21},"end":{"line":110,"column":66}},"46":{"start":{"line":112,"column":8},"end":{"line":114,"column":9}},"47":{"start":{"line":113,"column":12},"end":{"line":113,"column":82}},"48":{"start":{"line":116,"column":24},"end":{"line":116,"column":69}},"49":{"start":{"line":118,"column":8},"end":{"line":128,"column":9}},"50":{"start":{"line":119,"column":12},"end":{"line":125,"column":15}},"51":{"start":{"line":127,"column":12},"end":{"line":127,"column":75}},"52":{"start":{"line":130,"column":8},"end":{"line":130,"column":45}},"53":{"start":{"line":131,"column":8},"end":{"line":131,"column":57}},"54":{"start":{"line":135,"column":26},"end":{"line":135,"column":75}},"55":{"start":{"line":135,"column":40},"end":{"line":135,"column":75}},"56":{"start":{"line":136,"column":29},"end":{"line":136,"column":84}},"57":{"start":{"line":136,"column":43},"end":{"line":136,"column":84}},"58":{"start":{"line":137,"column":29},"end":{"line":137,"column":84}},"59":{"start":{"line":137,"column":43},"end":{"line":137,"column":84}},"60":{"start":{"line":138,"column":29},"end":{"line":138,"column":84}},"61":{"start":{"line":138,"column":43},"end":{"line":138,"column":84}},"62":{"start":{"line":142,"column":26},"end":{"line":153,"column":1}},"63":{"start":{"line":144,"column":25},"end":{"line":144,"column":33}},"64":{"start":{"line":146,"column":4},"end":{"line":149,"column":112}},"65":{"start":{"line":146,"column":26},"end":{"line":146,"column":101}},"66":{"start":{"line":147,"column":9},"end":{"line":149,"column":112}},"67":{"start":{"line":147,"column":34},"end":{"line":147,"column":112}},"68":{"start":{"line":148,"column":9},"end":{"line":149,"column":112}},"69":{"start":{"line":148,"column":34},"end":{"line":148,"column":112}},"70":{"start":{"line":149,"column":9},"end":{"line":149,"column":112}},"71":{"start":{"line":149,"column":34},"end":{"line":149,"column":112}},"72":{"start":{"line":151,"column":4},"end":{"line":152,"column":61}},"73":{"start":{"line":151,"column":14},"end":{"line":151,"column":29}},"74":{"start":{"line":152,"column":9},"end":{"line":152,"column":61}},"75":{"start":{"line":155,"column":29},"end":{"line":178,"column":1}},"76":{"start":{"line":156,"column":25},"end":{"line":156,"column":33}},"77":{"start":{"line":157,"column":20},"end":{"line":157,"column":28}},"78":{"start":{"line":161,"column":4},"end":{"line":167,"column":5}},"79":{"start":{"line":162,"column":8},"end":{"line":166,"column":9}},"80":{"start":{"line":163,"column":12},"end":{"line":163,"column":50}},"81":{"start":{"line":165,"column":12},"end":{"line":165,"column":50}},"82":{"start":{"line":170,"column":4},"end":{"line":173,"column":51}},"83":{"start":{"line":170,"column":26},"end":{"line":170,"column":40}},"84":{"start":{"line":171,"column":9},"end":{"line":173,"column":51}},"85":{"start":{"line":171,"column":34},"end":{"line":171,"column":51}},"86":{"start":{"line":172,"column":9},"end":{"line":173,"column":51}},"87":{"start":{"line":172,"column":34},"end":{"line":172,"column":51}},"88":{"start":{"line":173,"column":9},"end":{"line":173,"column":51}},"89":{"start":{"line":173,"column":34},"end":{"line":173,"column":51}},"90":{"start":{"line":175,"column":4},"end":{"line":175,"column":51}},"91":{"start":{"line":176,"column":24},"end":{"line":176,"column":91}},"92":{"start":{"line":177,"column":4},"end":{"line":177,"column":26}}},"fnMap":{"0":{"name":"(anonymous_0)","decl":{"start":{"line":7,"column":22},"end":{"line":7,"column":23}},"loc":{"start":{"line":7,"column":36},"end":{"line":11,"column":1}},"line":7},"1":{"name":"(anonymous_1)","decl":{"start":{"line":15,"column":29},"end":{"line":15,"column":30}},"loc":{"start":{"line":15,"column":49},"end":{"line":36,"column":1}},"line":15},"2":{"name":"(anonymous_2)","decl":{"start":{"line":38,"column":32},"end":{"line":38,"column":33}},"loc":{"start":{"line":38,"column":52},"end":{"line":59,"column":1}},"line":38},"3":{"name":"(anonymous_3)","decl":{"start":{"line":61,"column":32},"end":{"line":61,"column":33}},"loc":{"start":{"line":61,"column":52},"end":{"line":82,"column":1}},"line":61},"4":{"name":"(anonymous_4)","decl":{"start":{"line":84,"column":32},"end":{"line":84,"column":33}},"loc":{"start":{"line":84,"column":52},"end":{"line":103,"column":1}},"line":84},"5":{"name":"(anonymous_5)","decl":{"start":{"line":107,"column":18},"end":{"line":107,"column":19}},"loc":{"start":{"line":107,"column":59},"end":{"line":133,"column":1}},"line":107},"6":{"name":"(anonymous_6)","decl":{"start":{"line":135,"column":26},"end":{"line":135,"column":27}},"loc":{"start":{"line":135,"column":40},"end":{"line":135,"column":75}},"line":135},"7":{"name":"(anonymous_7)","decl":{"start":{"line":136,"column":29},"end":{"line":136,"column":30}},"loc":{"start":{"line":136,"column":43},"end":{"line":136,"column":84}},"line":136},"8":{"name":"(anonymous_8)","decl":{"start":{"line":137,"column":29},"end":{"line":137,"column":30}},"loc":{"start":{"line":137,"column":43},"end":{"line":137,"column":84}},"line":137},"9":{"name":"(anonymous_9)","decl":{"start":{"line":138,"column":29},"end":{"line":138,"column":30}},"loc":{"start":{"line":138,"column":43},"end":{"line":138,"column":84}},"line":138},"10":{"name":"(anonymous_10)","decl":{"start":{"line":142,"column":26},"end":{"line":142,"column":27}},"loc":{"start":{"line":142,"column":46},"end":{"line":153,"column":1}},"line":142},"11":{"name":"(anonymous_11)","decl":{"start":{"line":155,"column":29},"end":{"line":155,"column":30}},"loc":{"start":{"line":155,"column":49},"end":{"line":178,"column":1}},"line":155}},"branchMap":{"0":{"loc":{"start":{"line":19,"column":8},"end":{"line":19,"column":88}},"type":"if","locations":[{"start":{"line":19,"column":8},"end":{"line":19,"column":88}},{"start":{},"end":{}}],"line":19},"1":{"loc":{"start":{"line":42,"column":8},"end":{"line":42,"column":88}},"type":"if","locations":[{"start":{"line":42,"column":8},"end":{"line":42,"column":88}},{"start":{},"end":{}}],"line":42},"2":{"loc":{"start":{"line":65,"column":8},"end":{"line":65,"column":88}},"type":"if","locations":[{"start":{"line":65,"column":8},"end":{"line":65,"column":88}},{"start":{},"end":{}}],"line":65},"3":{"loc":{"start":{"line":88,"column":8},"end":{"line":88,"column":88}},"type":"if","locations":[{"start":{"line":88,"column":8},"end":{"line":88,"column":88}},{"start":{},"end":{}}],"line":88},"4":{"loc":{"start":{"line":112,"column":8},"end":{"line":114,"column":9}},"type":"if","locations":[{"start":{"line":112,"column":8},"end":{"line":114,"column":9}},{"start":{},"end":{}}],"line":112},"5":{"loc":{"start":{"line":118,"column":8},"end":{"line":128,"column":9}},"type":"if","locations":[{"start":{"line":118,"column":8},"end":{"line":128,"column":9}},{"start":{"line":126,"column":15},"end":{"line":128,"column":9}}],"line":118},"6":{"loc":{"start":{"line":146,"column":4},"end":{"line":149,"column":112}},"type":"if","locations":[{"start":{"line":146,"column":4},"end":{"line":149,"column":112}},{"start":{"line":147,"column":9},"end":{"line":149,"column":112}}],"line":146},"7":{"loc":{"start":{"line":147,"column":9},"end":{"line":149,"column":112}},"type":"if","locations":[{"start":{"line":147,"column":9},"end":{"line":149,"column":112}},{"start":{"line":148,"column":9},"end":{"line":149,"column":112}}],"line":147},"8":{"loc":{"start":{"line":148,"column":9},"end":{"line":149,"column":112}},"type":"if","locations":[{"start":{"line":148,"column":9},"end":{"line":149,"column":112}},{"start":{"line":149,"column":9},"end":{"line":149,"column":112}}],"line":148},"9":{"loc":{"start":{"line":149,"column":9},"end":{"line":149,"column":112}},"type":"if","locations":[{"start":{"line":149,"column":9},"end":{"line":149,"column":112}},{"start":{},"end":{}}],"line":149},"10":{"loc":{"start":{"line":151,"column":4},"end":{"line":152,"column":61}},"type":"if","locations":[{"start":{"line":151,"column":4},"end":{"line":152,"column":61}},{"start":{"line":152,"column":9},"end":{"line":152,"column":61}}],"line":151},"11":{"loc":{"start":{"line":161,"column":4},"end":{"line":167,"column":5}},"type":"if","locations":[{"start":{"line":161,"column":4},"end":{"line":167,"column":5}},{"start":{},"end":{}}],"line":161},"12":{"loc":{"start":{"line":162,"column":8},"end":{"line":166,"column":9}},"type":"if","locations":[{"start":{"line":162,"column":8},"end":{"line":166,"column":9}},{"start":{"line":164,"column":15},"end":{"line":166,"column":9}}],"line":162},"13":{"loc":{"start":{"line":162,"column":12},"end":{"line":162,"column":62}},"type":"binary-expr","locations":[{"start":{"line":162,"column":12},"end":{"line":162,"column":31}},{"start":{"line":162,"column":35},"end":{"line":162,"column":62}}],"line":162},"14":{"loc":{"start":{"line":170,"column":4},"end":{"line":173,"column":51}},"type":"if","locations":[{"start":{"line":170,"column":4},"end":{"line":173,"column":51}},{"start":{"line":171,"column":9},"end":{"line":173,"column":51}}],"line":170},"15":{"loc":{"start":{"line":171,"column":9},"end":{"line":173,"column":51}},"type":"if","locations":[{"start":{"line":171,"column":9},"end":{"line":173,"column":51}},{"start":{"line":172,"column":9},"end":{"line":173,"column":51}}],"line":171},"16":{"loc":{"start":{"line":172,"column":9},"end":{"line":173,"column":51}},"type":"if","locations":[{"start":{"line":172,"column":9},"end":{"line":173,"column":51}},{"start":{"line":173,"column":9},"end":{"line":173,"column":51}}],"line":172},"17":{"loc":{"start":{"line":173,"column":9},"end":{"line":173,"column":51}},"type":"if","locations":[{"start":{"line":173,"column":9},"end":{"line":173,"column":51}},{"start":{},"end":{}}],"line":173}},"s":{"0":0,"1":0,"2":0,"3":0,"4":0,"5":0,"6":0,"7":0,"8":0,"9":0,"10":0,"11":0,"12":0,"13":0,"14":0,"15":0,"16":0,"17":0,"18":0,"19":0,"20":0,"21":0,"22":0,"23":0,"24":0,"25":0,"26":0,"27":0,"28":0,"29":0,"30":0,"31":0,"32":0,"33":0,"34":0,"35":0,"36":0,"37":0,"38":0,"39":0,"40":0,"41":0,"42":0,"43":0,"44":0,"45":0,"46":0,"47":0,"48":0,"49":0,"50":0,"51":0,"52":0,"53":0,"54":0,"55":0,"56":0,"57":0,"58":0,"59":0,"60":0,"61":0,"62":0,"63":0,"64":0,"65":0,"66":0,"67":0,"68":0,"69":0,"70":0,"71":0,"72":0,"73":0,"74":0,"75":0,"76":0,"77":0,"78":0,"79":0,"80":0,"81":0,"82":0,"83":0,"84":0,"85":0,"86":0,"87":0,"88":0,"89":0,"90":0,"91":0,"92":0},"f":{"0":0,"1":0,"2":0,"3":0,"4":0,"5":0,"6":0,"7":0,"8":0,"9":0,"10":0,"11":0},"b":{"0":[0,0],"1":[0,0],"2":[0,0],"3":[0,0],"4":[0,0],"5":[0,0],"6":[0,0],"7":[0,0],"8":[0,0],"9":[0,0],"10":[0,0],"11":[0,0],"12":[0,0],"13":[0,0],"14":[0,0],"15":[0,0],"16":[0,0],"17":[0,0]}}
,"C:\\KALIADMIN\\gendhis\\skripsi\\backend\\src\\controllers\\orderController.js": {"path":"C:\\KALIADMIN\\gendhis\\skripsi\\backend\\src\\controllers\\orderController.js","statementMap":{"0":{"start":{"line":8,"column":121},"end":{"line":8,"column":127}},"1":{"start":{"line":10,"column":27},"end":{"line":85,"column":1}},"2":{"start":{"line":11,"column":14},"end":{"line":11,"column":43}},"3":{"start":{"line":12,"column":4},"end":{"line":84,"column":5}},"4":{"start":{"line":13,"column":26},"end":{"line":13,"column":34}},"5":{"start":{"line":14,"column":27},"end":{"line":14,"column":38}},"6":{"start":{"line":15,"column":25},"end":{"line":15,"column":60}},"7":{"start":{"line":17,"column":31},"end":{"line":17,"column":32}},"8":{"start":{"line":18,"column":25},"end":{"line":18,"column":26}},"9":{"start":{"line":19,"column":25},"end":{"line":19,"column":26}},"10":{"start":{"line":21,"column":29},"end":{"line":21,"column":31}},"11":{"start":{"line":22,"column":27},"end":{"line":22,"column":31}},"12":{"start":{"line":24,"column":8},"end":{"line":49,"column":9}},"13":{"start":{"line":25,"column":28},"end":{"line":29,"column":14}},"14":{"start":{"line":30,"column":12},"end":{"line":33,"column":13}},"15":{"start":{"line":31,"column":16},"end":{"line":31,"column":35}},"16":{"start":{"line":32,"column":16},"end":{"line":32,"column":96}},"17":{"start":{"line":34,"column":12},"end":{"line":37,"column":13}},"18":{"start":{"line":35,"column":16},"end":{"line":35,"column":35}},"19":{"start":{"line":36,"column":16},"end":{"line":36,"column":164}},"20":{"start":{"line":39,"column":12},"end":{"line":39,"column":78}},"21":{"start":{"line":40,"column":12},"end":{"line":40,"column":35}},"22":{"start":{"line":41,"column":12},"end":{"line":41,"column":58}},"23":{"start":{"line":44,"column":12},"end":{"line":44,"column":40}},"24":{"start":{"line":45,"column":12},"end":{"line":45,"column":67}},"25":{"start":{"line":45,"column":39},"end":{"line":45,"column":67}},"26":{"start":{"line":46,"column":12},"end":{"line":46,"column":51}},"27":{"start":{"line":48,"column":12},"end":{"line":48,"column":72}},"28":{"start":{"line":48,"column":31},"end":{"line":48,"column":72}},"29":{"start":{"line":51,"column":8},"end":{"line":55,"column":9}},"30":{"start":{"line":52,"column":12},"end":{"line":52,"column":129}},"31":{"start":{"line":54,"column":12},"end":{"line":54,"column":28}},"32":{"start":{"line":57,"column":30},"end":{"line":57,"column":63}},"33":{"start":{"line":58,"column":25},"end":{"line":58,"column":57}},"34":{"start":{"line":60,"column":22},"end":{"line":66,"column":30}},"35":{"start":{"line":69,"column":8},"end":{"line":77,"column":9}},"36":{"start":{"line":70,"column":12},"end":{"line":76,"column":35}},"37":{"start":{"line":79,"column":8},"end":{"line":79,"column":25}},"38":{"start":{"line":80,"column":8},"end":{"line":80,"column":119}},"39":{"start":{"line":82,"column":8},"end":{"line":82,"column":27}},"40":{"start":{"line":83,"column":8},"end":{"line":83,"column":57}},"41":{"start":{"line":87,"column":31},"end":{"line":111,"column":1}},"42":{"start":{"line":88,"column":4},"end":{"line":110,"column":5}},"43":{"start":{"line":89,"column":28},"end":{"line":89,"column":36}},"44":{"start":{"line":90,"column":22},"end":{"line":90,"column":74}},"45":{"start":{"line":91,"column":8},"end":{"line":91,"column":80}},"46":{"start":{"line":91,"column":20},"end":{"line":91,"column":80}},"47":{"start":{"line":92,"column":8},"end":{"line":92,"column":108}},"48":{"start":{"line":92,"column":40},"end":{"line":92,"column":108}},"49":{"start":{"line":94,"column":26},"end":{"line":104,"column":9}},"50":{"start":{"line":106,"column":28},"end":{"line":106,"column":67}},"51":{"start":{"line":107,"column":8},"end":{"line":107,"column":87}},"52":{"start":{"line":109,"column":8},"end":{"line":109,"column":57}},"53":{"start":{"line":113,"column":36},"end":{"line":198,"column":1}},"54":{"start":{"line":114,"column":14},"end":{"line":114,"column":43}},"55":{"start":{"line":115,"column":4},"end":{"line":197,"column":5}},"56":{"start":{"line":116,"column":33},"end":{"line":116,"column":41}},"57":{"start":{"line":117,"column":31},"end":{"line":117,"column":84}},"58":{"start":{"line":118,"column":94},"end":{"line":118,"column":108}},"59":{"start":{"line":120,"column":32},"end":{"line":120,"column":61}},"60":{"start":{"line":122,"column":22},"end":{"line":122,"column":100}},"61":{"start":{"line":123,"column":8},"end":{"line":126,"column":9}},"62":{"start":{"line":124,"column":12},"end":{"line":124,"column":31}},"63":{"start":{"line":125,"column":12},"end":{"line":125,"column":72}},"64":{"start":{"line":128,"column":8},"end":{"line":189,"column":9}},"65":{"start":{"line":129,"column":12},"end":{"line":172,"column":13}},"66":{"start":{"line":132,"column":16},"end":{"line":171,"column":17}},"67":{"start":{"line":133,"column":20},"end":{"line":133,"column":42}},"68":{"start":{"line":134,"column":20},"end":{"line":134,"column":57}},"69":{"start":{"line":137,"column":20},"end":{"line":145,"column":43}},"70":{"start":{"line":148,"column":40},"end":{"line":148,"column":133}},"71":{"start":{"line":149,"column":20},"end":{"line":160,"column":21}},"72":{"start":{"line":150,"column":24},"end":{"line":150,"column":105}},"73":{"start":{"line":151,"column":24},"end":{"line":151,"column":67}},"74":{"start":{"line":153,"column":24},"end":{"line":159,"column":47}},"75":{"start":{"line":163,"column":20},"end":{"line":170,"column":43}},"76":{"start":{"line":173,"column":15},"end":{"line":189,"column":9}},"77":{"start":{"line":174,"column":12},"end":{"line":188,"column":13}},"78":{"start":{"line":175,"column":16},"end":{"line":175,"column":43}},"79":{"start":{"line":176,"column":16},"end":{"line":176,"column":53}},"80":{"start":{"line":179,"column":30},"end":{"line":179,"column":104}},"81":{"start":{"line":180,"column":16},"end":{"line":187,"column":17}},"82":{"start":{"line":181,"column":36},"end":{"line":181,"column":119}},"83":{"start":{"line":182,"column":20},"end":{"line":186,"column":21}},"84":{"start":{"line":183,"column":24},"end":{"line":183,"column":55}},"85":{"start":{"line":184,"column":24},"end":{"line":184,"column":88}},"86":{"start":{"line":184,"column":59},"end":{"line":184,"column":88}},"87":{"start":{"line":185,"column":24},"end":{"line":185,"column":63}},"88":{"start":{"line":191,"column":8},"end":{"line":191,"column":25}},"89":{"start":{"line":192,"column":8},"end":{"line":192,"column":35}},"90":{"start":{"line":194,"column":8},"end":{"line":194,"column":27}},"91":{"start":{"line":195,"column":8},"end":{"line":195,"column":56}},"92":{"start":{"line":196,"column":8},"end":{"line":196,"column":38}},"93":{"start":{"line":200,"column":26},"end":{"line":227,"column":1}},"94":{"start":{"line":201,"column":14},"end":{"line":201,"column":43}},"95":{"start":{"line":202,"column":4},"end":{"line":226,"column":5}},"96":{"start":{"line":203,"column":29},"end":{"line":203,"column":37}},"97":{"start":{"line":204,"column":25},"end":{"line":204,"column":126}},"98":{"start":{"line":205,"column":8},"end":{"line":208,"column":9}},"99":{"start":{"line":206,"column":12},"end":{"line":206,"column":31}},"100":{"start":{"line":207,"column":12},"end":{"line":207,"column":70}},"101":{"start":{"line":209,"column":8},"end":{"line":212,"column":9}},"102":{"start":{"line":210,"column":12},"end":{"line":210,"column":31}},"103":{"start":{"line":211,"column":12},"end":{"line":211,"column":98}},"104":{"start":{"line":214,"column":8},"end":{"line":217,"column":31}},"105":{"start":{"line":219,"column":8},"end":{"line":219,"column":104}},"106":{"start":{"line":221,"column":8},"end":{"line":221,"column":25}},"107":{"start":{"line":222,"column":8},"end":{"line":222,"column":61}},"108":{"start":{"line":224,"column":8},"end":{"line":224,"column":27}},"109":{"start":{"line":225,"column":8},"end":{"line":225,"column":57}},"110":{"start":{"line":229,"column":27},"end":{"line":348,"column":1}},"111":{"start":{"line":230,"column":14},"end":{"line":230,"column":43}},"112":{"start":{"line":231,"column":4},"end":{"line":347,"column":5}},"113":{"start":{"line":232,"column":29},"end":{"line":232,"column":37}},"114":{"start":{"line":233,"column":25},"end":{"line":233,"column":127}},"115":{"start":{"line":234,"column":8},"end":{"line":237,"column":9}},"116":{"start":{"line":235,"column":12},"end":{"line":235,"column":31}},"117":{"start":{"line":236,"column":12},"end":{"line":236,"column":70}},"118":{"start":{"line":239,"column":22},"end":{"line":239,"column":102}},"119":{"start":{"line":240,"column":8},"end":{"line":243,"column":9}},"120":{"start":{"line":241,"column":12},"end":{"line":241,"column":31}},"121":{"start":{"line":242,"column":12},"end":{"line":242,"column":72}},"122":{"start":{"line":245,"column":8},"end":{"line":248,"column":9}},"123":{"start":{"line":246,"column":12},"end":{"line":246,"column":31}},"124":{"start":{"line":247,"column":12},"end":{"line":247,"column":71}},"125":{"start":{"line":250,"column":8},"end":{"line":253,"column":9}},"126":{"start":{"line":251,"column":12},"end":{"line":251,"column":31}},"127":{"start":{"line":252,"column":12},"end":{"line":252,"column":80}},"128":{"start":{"line":256,"column":8},"end":{"line":256,"column":38}},"129":{"start":{"line":257,"column":8},"end":{"line":257,"column":48}},"130":{"start":{"line":259,"column":8},"end":{"line":259,"column":35}},"131":{"start":{"line":260,"column":8},"end":{"line":260,"column":45}},"132":{"start":{"line":263,"column":33},"end":{"line":263,"column":37}},"133":{"start":{"line":264,"column":28},"end":{"line":264,"column":63}},"134":{"start":{"line":265,"column":28},"end":{"line":265,"column":57}},"135":{"start":{"line":268,"column":31},"end":{"line":272,"column":10}},"136":{"start":{"line":273,"column":8},"end":{"line":283,"column":9}},"137":{"start":{"line":274,"column":12},"end":{"line":274,"column":86}},"138":{"start":{"line":275,"column":12},"end":{"line":275,"column":58}},"139":{"start":{"line":276,"column":12},"end":{"line":282,"column":35}},"140":{"start":{"line":286,"column":22},"end":{"line":290,"column":10}},"141":{"start":{"line":293,"column":36},"end":{"line":293,"column":61}},"142":{"start":{"line":299,"column":34},"end":{"line":299,"column":72}},"143":{"start":{"line":301,"column":8},"end":{"line":323,"column":9}},"144":{"start":{"line":302,"column":31},"end":{"line":302,"column":77}},"145":{"start":{"line":304,"column":30},"end":{"line":304,"column":77}},"146":{"start":{"line":305,"column":27},"end":{"line":305,"column":56}},"147":{"start":{"line":307,"column":35},"end":{"line":311,"column":14}},"148":{"start":{"line":312,"column":12},"end":{"line":322,"column":13}},"149":{"start":{"line":313,"column":16},"end":{"line":313,"column":85}},"150":{"start":{"line":314,"column":16},"end":{"line":314,"column":62}},"151":{"start":{"line":315,"column":16},"end":{"line":321,"column":39}},"152":{"start":{"line":327,"column":30},"end":{"line":327,"column":61}},"153":{"start":{"line":328,"column":28},"end":{"line":328,"column":121}},"154":{"start":{"line":329,"column":8},"end":{"line":339,"column":9}},"155":{"start":{"line":330,"column":12},"end":{"line":330,"column":82}},"156":{"start":{"line":331,"column":12},"end":{"line":331,"column":55}},"157":{"start":{"line":332,"column":12},"end":{"line":338,"column":35}},"158":{"start":{"line":341,"column":8},"end":{"line":341,"column":25}},"159":{"start":{"line":342,"column":8},"end":{"line":342,"column":85}},"160":{"start":{"line":344,"column":8},"end":{"line":344,"column":27}},"161":{"start":{"line":345,"column":8},"end":{"line":345,"column":50}},"162":{"start":{"line":346,"column":8},"end":{"line":346,"column":57}},"163":{"start":{"line":350,"column":26},"end":{"line":384,"column":1}},"164":{"start":{"line":351,"column":4},"end":{"line":383,"column":5}},"165":{"start":{"line":352,"column":28},"end":{"line":352,"column":38}},"166":{"start":{"line":353,"column":23},"end":{"line":353,"column":34}},"167":{"start":{"line":354,"column":25},"end":{"line":354,"column":38}},"168":{"start":{"line":356,"column":25},"end":{"line":356,"column":81}},"169":{"start":{"line":357,"column":8},"end":{"line":357,"column":86}},"170":{"start":{"line":357,"column":23},"end":{"line":357,"column":86}},"171":{"start":{"line":359,"column":21},"end":{"line":359,"column":25}},"172":{"start":{"line":360,"column":19},"end":{"line":360,"column":21}},"173":{"start":{"line":362,"column":8},"end":{"line":373,"column":9}},"174":{"start":{"line":363,"column":12},"end":{"line":363,"column":46}},"175":{"start":{"line":364,"column":12},"end":{"line":364,"column":28}},"176":{"start":{"line":365,"column":15},"end":{"line":373,"column":9}},"177":{"start":{"line":366,"column":12},"end":{"line":368,"column":13}},"178":{"start":{"line":367,"column":16},"end":{"line":367,"column":78}},"179":{"start":{"line":369,"column":12},"end":{"line":369,"column":47}},"180":{"start":{"line":370,"column":12},"end":{"line":370,"column":29}},"181":{"start":{"line":372,"column":12},"end":{"line":372,"column":87}},"182":{"start":{"line":375,"column":8},"end":{"line":380,"column":9}},"183":{"start":{"line":376,"column":28},"end":{"line":376,"column":56}},"184":{"start":{"line":377,"column":12},"end":{"line":377,"column":62}},"185":{"start":{"line":379,"column":12},"end":{"line":379,"column":66}},"186":{"start":{"line":382,"column":8},"end":{"line":382,"column":57}},"187":{"start":{"line":387,"column":27},"end":{"line":401,"column":1}},"188":{"start":{"line":388,"column":4},"end":{"line":400,"column":5}},"189":{"start":{"line":389,"column":23},"end":{"line":396,"column":10}},"190":{"start":{"line":397,"column":8},"end":{"line":397,"column":25}},"191":{"start":{"line":399,"column":8},"end":{"line":399,"column":57}},"192":{"start":{"line":404,"column":31},"end":{"line":421,"column":1}},"193":{"start":{"line":405,"column":4},"end":{"line":420,"column":5}},"194":{"start":{"line":406,"column":27},"end":{"line":416,"column":10}},"195":{"start":{"line":417,"column":8},"end":{"line":417,"column":29}},"196":{"start":{"line":419,"column":8},"end":{"line":419,"column":57}},"197":{"start":{"line":424,"column":38},"end":{"line":450,"column":1}},"198":{"start":{"line":425,"column":4},"end":{"line":449,"column":5}},"199":{"start":{"line":426,"column":27},"end":{"line":445,"column":10}},"200":{"start":{"line":446,"column":8},"end":{"line":446,"column":29}},"201":{"start":{"line":448,"column":8},"end":{"line":448,"column":57}},"202":{"start":{"line":453,"column":33},"end":{"line":500,"column":1}},"203":{"start":{"line":454,"column":4},"end":{"line":499,"column":5}},"204":{"start":{"line":455,"column":27},"end":{"line":455,"column":38}},"205":{"start":{"line":458,"column":24},"end":{"line":458,"column":84}},"206":{"start":{"line":459,"column":26},"end":{"line":459,"column":48}},"207":{"start":{"line":459,"column":43},"end":{"line":459,"column":47}},"208":{"start":{"line":462,"column":24},"end":{"line":462,"column":85}},"209":{"start":{"line":463,"column":25},"end":{"line":463,"column":47}},"210":{"start":{"line":463,"column":42},"end":{"line":463,"column":46}},"211":{"start":{"line":466,"column":25},"end":{"line":466,"column":85}},"212":{"start":{"line":467,"column":27},"end":{"line":467,"column":50}},"213":{"start":{"line":467,"column":45},"end":{"line":467,"column":49}},"214":{"start":{"line":470,"column":27},"end":{"line":482,"column":10}},"215":{"start":{"line":485,"column":26},"end":{"line":485,"column":28}},"216":{"start":{"line":486,"column":8},"end":{"line":494,"column":9}},"217":{"start":{"line":487,"column":12},"end":{"line":492,"column":13}},"218":{"start":{"line":488,"column":16},"end":{"line":491,"column":18}},"219":{"start":{"line":493,"column":12},"end":{"line":493,"column":63}},"220":{"start":{"line":496,"column":8},"end":{"line":496,"column":43}},"221":{"start":{"line":498,"column":8},"end":{"line":498,"column":57}}},"fnMap":{"0":{"name":"(anonymous_0)","decl":{"start":{"line":10,"column":27},"end":{"line":10,"column":28}},"loc":{"start":{"line":10,"column":47},"end":{"line":85,"column":1}},"line":10},"1":{"name":"(anonymous_1)","decl":{"start":{"line":87,"column":31},"end":{"line":87,"column":32}},"loc":{"start":{"line":87,"column":51},"end":{"line":111,"column":1}},"line":87},"2":{"name":"(anonymous_2)","decl":{"start":{"line":113,"column":36},"end":{"line":113,"column":37}},"loc":{"start":{"line":113,"column":56},"end":{"line":198,"column":1}},"line":113},"3":{"name":"(anonymous_3)","decl":{"start":{"line":200,"column":26},"end":{"line":200,"column":27}},"loc":{"start":{"line":200,"column":46},"end":{"line":227,"column":1}},"line":200},"4":{"name":"(anonymous_4)","decl":{"start":{"line":229,"column":27},"end":{"line":229,"column":28}},"loc":{"start":{"line":229,"column":47},"end":{"line":348,"column":1}},"line":229},"5":{"name":"(anonymous_5)","decl":{"start":{"line":350,"column":26},"end":{"line":350,"column":27}},"loc":{"start":{"line":350,"column":46},"end":{"line":384,"column":1}},"line":350},"6":{"name":"(anonymous_6)","decl":{"start":{"line":387,"column":27},"end":{"line":387,"column":28}},"loc":{"start":{"line":387,"column":47},"end":{"line":401,"column":1}},"line":387},"7":{"name":"(anonymous_7)","decl":{"start":{"line":404,"column":31},"end":{"line":404,"column":32}},"loc":{"start":{"line":404,"column":51},"end":{"line":421,"column":1}},"line":404},"8":{"name":"(anonymous_8)","decl":{"start":{"line":424,"column":38},"end":{"line":424,"column":39}},"loc":{"start":{"line":424,"column":58},"end":{"line":450,"column":1}},"line":424},"9":{"name":"(anonymous_9)","decl":{"start":{"line":453,"column":33},"end":{"line":453,"column":34}},"loc":{"start":{"line":453,"column":53},"end":{"line":500,"column":1}},"line":453},"10":{"name":"(anonymous_10)","decl":{"start":{"line":459,"column":38},"end":{"line":459,"column":39}},"loc":{"start":{"line":459,"column":43},"end":{"line":459,"column":47}},"line":459},"11":{"name":"(anonymous_11)","decl":{"start":{"line":463,"column":37},"end":{"line":463,"column":38}},"loc":{"start":{"line":463,"column":42},"end":{"line":463,"column":46}},"line":463},"12":{"name":"(anonymous_12)","decl":{"start":{"line":467,"column":40},"end":{"line":467,"column":41}},"loc":{"start":{"line":467,"column":45},"end":{"line":467,"column":49}},"line":467}},"branchMap":{"0":{"loc":{"start":{"line":30,"column":12},"end":{"line":33,"column":13}},"type":"if","locations":[{"start":{"line":30,"column":12},"end":{"line":33,"column":13}},{"start":{},"end":{}}],"line":30},"1":{"loc":{"start":{"line":34,"column":12},"end":{"line":37,"column":13}},"type":"if","locations":[{"start":{"line":34,"column":12},"end":{"line":37,"column":13}},{"start":{},"end":{}}],"line":34},"2":{"loc":{"start":{"line":45,"column":12},"end":{"line":45,"column":67}},"type":"if","locations":[{"start":{"line":45,"column":12},"end":{"line":45,"column":67}},{"start":{},"end":{}}],"line":45},"3":{"loc":{"start":{"line":48,"column":12},"end":{"line":48,"column":72}},"type":"if","locations":[{"start":{"line":48,"column":12},"end":{"line":48,"column":72}},{"start":{},"end":{}}],"line":48},"4":{"loc":{"start":{"line":51,"column":8},"end":{"line":55,"column":9}},"type":"if","locations":[{"start":{"line":51,"column":8},"end":{"line":55,"column":9}},{"start":{"line":53,"column":15},"end":{"line":55,"column":9}}],"line":51},"5":{"loc":{"start":{"line":51,"column":12},"end":{"line":51,"column":67}},"type":"binary-expr","locations":[{"start":{"line":51,"column":12},"end":{"line":51,"column":24}},{"start":{"line":51,"column":28},"end":{"line":51,"column":45}},{"start":{"line":51,"column":49},"end":{"line":51,"column":67}}],"line":51},"6":{"loc":{"start":{"line":91,"column":8},"end":{"line":91,"column":80}},"type":"if","locations":[{"start":{"line":91,"column":8},"end":{"line":91,"column":80}},{"start":{},"end":{}}],"line":91},"7":{"loc":{"start":{"line":92,"column":8},"end":{"line":92,"column":108}},"type":"if","locations":[{"start":{"line":92,"column":8},"end":{"line":92,"column":108}},{"start":{},"end":{}}],"line":92},"8":{"loc":{"start":{"line":123,"column":8},"end":{"line":126,"column":9}},"type":"if","locations":[{"start":{"line":123,"column":8},"end":{"line":126,"column":9}},{"start":{},"end":{}}],"line":123},"9":{"loc":{"start":{"line":128,"column":8},"end":{"line":189,"column":9}},"type":"if","locations":[{"start":{"line":128,"column":8},"end":{"line":189,"column":9}},{"start":{"line":173,"column":15},"end":{"line":189,"column":9}}],"line":128},"10":{"loc":{"start":{"line":128,"column":12},"end":{"line":128,"column":83}},"type":"binary-expr","locations":[{"start":{"line":128,"column":12},"end":{"line":128,"column":44}},{"start":{"line":128,"column":48},"end":{"line":128,"column":83}}],"line":128},"11":{"loc":{"start":{"line":129,"column":12},"end":{"line":172,"column":13}},"type":"if","locations":[{"start":{"line":129,"column":12},"end":{"line":172,"column":13}},{"start":{"line":131,"column":19},"end":{"line":172,"column":13}}],"line":129},"12":{"loc":{"start":{"line":132,"column":16},"end":{"line":171,"column":17}},"type":"if","locations":[{"start":{"line":132,"column":16},"end":{"line":171,"column":17}},{"start":{},"end":{}}],"line":132},"13":{"loc":{"start":{"line":149,"column":20},"end":{"line":160,"column":21}},"type":"if","locations":[{"start":{"line":149,"column":20},"end":{"line":160,"column":21}},{"start":{},"end":{}}],"line":149},"14":{"loc":{"start":{"line":173,"column":15},"end":{"line":189,"column":9}},"type":"if","locations":[{"start":{"line":173,"column":15},"end":{"line":189,"column":9}},{"start":{},"end":{}}],"line":173},"15":{"loc":{"start":{"line":173,"column":19},"end":{"line":173,"column":118}},"type":"binary-expr","locations":[{"start":{"line":173,"column":19},"end":{"line":173,"column":50}},{"start":{"line":173,"column":54},"end":{"line":173,"column":85}},{"start":{"line":173,"column":89},"end":{"line":173,"column":118}}],"line":173},"16":{"loc":{"start":{"line":174,"column":12},"end":{"line":188,"column":13}},"type":"if","locations":[{"start":{"line":174,"column":12},"end":{"line":188,"column":13}},{"start":{},"end":{}}],"line":174},"17":{"loc":{"start":{"line":182,"column":20},"end":{"line":186,"column":21}},"type":"if","locations":[{"start":{"line":182,"column":20},"end":{"line":186,"column":21}},{"start":{},"end":{}}],"line":182},"18":{"loc":{"start":{"line":184,"column":24},"end":{"line":184,"column":88}},"type":"if","locations":[{"start":{"line":184,"column":24},"end":{"line":184,"column":88}},{"start":{},"end":{}}],"line":184},"19":{"loc":{"start":{"line":205,"column":8},"end":{"line":208,"column":9}},"type":"if","locations":[{"start":{"line":205,"column":8},"end":{"line":208,"column":9}},{"start":{},"end":{}}],"line":205},"20":{"loc":{"start":{"line":209,"column":8},"end":{"line":212,"column":9}},"type":"if","locations":[{"start":{"line":209,"column":8},"end":{"line":212,"column":9}},{"start":{},"end":{}}],"line":209},"21":{"loc":{"start":{"line":209,"column":12},"end":{"line":209,"column":75}},"type":"binary-expr","locations":[{"start":{"line":209,"column":12},"end":{"line":209,"column":41}},{"start":{"line":209,"column":45},"end":{"line":209,"column":75}}],"line":209},"22":{"loc":{"start":{"line":234,"column":8},"end":{"line":237,"column":9}},"type":"if","locations":[{"start":{"line":234,"column":8},"end":{"line":237,"column":9}},{"start":{},"end":{}}],"line":234},"23":{"loc":{"start":{"line":240,"column":8},"end":{"line":243,"column":9}},"type":"if","locations":[{"start":{"line":240,"column":8},"end":{"line":243,"column":9}},{"start":{},"end":{}}],"line":240},"24":{"loc":{"start":{"line":245,"column":8},"end":{"line":248,"column":9}},"type":"if","locations":[{"start":{"line":245,"column":8},"end":{"line":248,"column":9}},{"start":{},"end":{}}],"line":245},"25":{"loc":{"start":{"line":245,"column":12},"end":{"line":245,"column":77}},"type":"binary-expr","locations":[{"start":{"line":245,"column":12},"end":{"line":245,"column":40}},{"start":{"line":245,"column":44},"end":{"line":245,"column":77}}],"line":245},"26":{"loc":{"start":{"line":250,"column":8},"end":{"line":253,"column":9}},"type":"if","locations":[{"start":{"line":250,"column":8},"end":{"line":253,"column":9}},{"start":{},"end":{}}],"line":250},"27":{"loc":{"start":{"line":273,"column":8},"end":{"line":283,"column":9}},"type":"if","locations":[{"start":{"line":273,"column":8},"end":{"line":283,"column":9}},{"start":{},"end":{}}],"line":273},"28":{"loc":{"start":{"line":312,"column":12},"end":{"line":322,"column":13}},"type":"if","locations":[{"start":{"line":312,"column":12},"end":{"line":322,"column":13}},{"start":{},"end":{}}],"line":312},"29":{"loc":{"start":{"line":329,"column":8},"end":{"line":339,"column":9}},"type":"if","locations":[{"start":{"line":329,"column":8},"end":{"line":339,"column":9}},{"start":{},"end":{}}],"line":329},"30":{"loc":{"start":{"line":357,"column":8},"end":{"line":357,"column":86}},"type":"if","locations":[{"start":{"line":357,"column":8},"end":{"line":357,"column":86}},{"start":{},"end":{}}],"line":357},"31":{"loc":{"start":{"line":362,"column":8},"end":{"line":373,"column":9}},"type":"if","locations":[{"start":{"line":362,"column":8},"end":{"line":373,"column":9}},{"start":{"line":365,"column":15},"end":{"line":373,"column":9}}],"line":362},"32":{"loc":{"start":{"line":362,"column":12},"end":{"line":362,"column":59}},"type":"binary-expr","locations":[{"start":{"line":362,"column":12},"end":{"line":362,"column":35}},{"start":{"line":362,"column":39},"end":{"line":362,"column":59}}],"line":362},"33":{"loc":{"start":{"line":365,"column":15},"end":{"line":373,"column":9}},"type":"if","locations":[{"start":{"line":365,"column":15},"end":{"line":373,"column":9}},{"start":{"line":371,"column":15},"end":{"line":373,"column":9}}],"line":365},"34":{"loc":{"start":{"line":366,"column":12},"end":{"line":368,"column":13}},"type":"if","locations":[{"start":{"line":366,"column":12},"end":{"line":368,"column":13}},{"start":{},"end":{}}],"line":366},"35":{"loc":{"start":{"line":366,"column":16},"end":{"line":366,"column":71}},"type":"binary-expr","locations":[{"start":{"line":366,"column":16},"end":{"line":366,"column":36}},{"start":{"line":366,"column":40},"end":{"line":366,"column":71}}],"line":366},"36":{"loc":{"start":{"line":375,"column":8},"end":{"line":380,"column":9}},"type":"if","locations":[{"start":{"line":375,"column":8},"end":{"line":380,"column":9}},{"start":{"line":378,"column":15},"end":{"line":380,"column":9}}],"line":375},"37":{"loc":{"start":{"line":487,"column":12},"end":{"line":492,"column":13}},"type":"if","locations":[{"start":{"line":487,"column":12},"end":{"line":492,"column":13}},{"start":{},"end":{}}],"line":487}},"s":{"0":0,"1":0,"2":0,"3":0,"4":0,"5":0,"6":0,"7":0,"8":0,"9":0,"10":0,"11":0,"12":0,"13":0,"14":0,"15":0,"16":0,"17":0,"18":0,"19":0,"20":0,"21":0,"22":0,"23":0,"24":0,"25":0,"26":0,"27":0,"28":0,"29":0,"30":0,"31":0,"32":0,"33":0,"34":0,"35":0,"36":0,"37":0,"38":0,"39":0,"40":0,"41":0,"42":0,"43":0,"44":0,"45":0,"46":0,"47":0,"48":0,"49":0,"50":0,"51":0,"52":0,"53":0,"54":0,"55":0,"56":0,"57":0,"58":0,"59":0,"60":0,"61":0,"62":0,"63":0,"64":0,"65":0,"66":0,"67":0,"68":0,"69":0,"70":0,"71":0,"72":0,"73":0,"74":0,"75":0,"76":0,"77":0,"78":0,"79":0,"80":0,"81":0,"82":0,"83":0,"84":0,"85":0,"86":0,"87":0,"88":0,"89":0,"90":0,"91":0,"92":0,"93":0,"94":0,"95":0,"96":0,"97":0,"98":0,"99":0,"100":0,"101":0,"102":0,"103":0,"104":0,"105":0,"106":0,"107":0,"108":0,"109":0,"110":0,"111":0,"112":0,"113":0,"114":0,"115":0,"116":0,"117":0,"118":0,"119":0,"120":0,"121":0,"122":0,"123":0,"124":0,"125":0,"126":0,"127":0,"128":0,"129":0,"130":0,"131":0,"132":0,"133":0,"134":0,"135":0,"136":0,"137":0,"138":0,"139":0,"140":0,"141":0,"142":0,"143":0,"144":0,"145":0,"146":0,"147":0,"148":0,"149":0,"150":0,"151":0,"152":0,"153":0,"154":0,"155":0,"156":0,"157":0,"158":0,"159":0,"160":0,"161":0,"162":0,"163":0,"164":0,"165":0,"166":0,"167":0,"168":0,"169":0,"170":0,"171":0,"172":0,"173":0,"174":0,"175":0,"176":0,"177":0,"178":0,"179":0,"180":0,"181":0,"182":0,"183":0,"184":0,"185":0,"186":0,"187":0,"188":0,"189":0,"190":0,"191":0,"192":0,"193":0,"194":0,"195":0,"196":0,"197":0,"198":0,"199":0,"200":0,"201":0,"202":0,"203":0,"204":0,"205":0,"206":0,"207":0,"208":0,"209":0,"210":0,"211":0,"212":0,"213":0,"214":0,"215":0,"216":0,"217":0,"218":0,"219":0,"220":0,"221":0},"f":{"0":0,"1":0,"2":0,"3":0,"4":0,"5":0,"6":0,"7":0,"8":0,"9":0,"10":0,"11":0,"12":0},"b":{"0":[0,0],"1":[0,0],"2":[0,0],"3":[0,0],"4":[0,0],"5":[0,0,0],"6":[0,0],"7":[0,0],"8":[0,0],"9":[0,0],"10":[0,0],"11":[0,0],"12":[0,0],"13":[0,0],"14":[0,0],"15":[0,0,0],"16":[0,0],"17":[0,0],"18":[0,0],"19":[0,0],"20":[0,0],"21":[0,0],"22":[0,0],"23":[0,0],"24":[0,0],"25":[0,0],"26":[0,0],"27":[0,0],"28":[0,0],"29":[0,0],"30":[0,0],"31":[0,0],"32":[0,0],"33":[0,0],"34":[0,0],"35":[0,0],"36":[0,0],"37":[0,0]}}
,"C:\\KALIADMIN\\gendhis\\skripsi\\backend\\src\\controllers\\productController.js": {"path":"C:\\KALIADMIN\\gendhis\\skripsi\\backend\\src\\controllers\\productController.js","statementMap":{"0":{"start":{"line":4,"column":54},"end":{"line":4,"column":60}},"1":{"start":{"line":6,"column":29},"end":{"line":27,"column":1}},"2":{"start":{"line":7,"column":4},"end":{"line":26,"column":5}},"3":{"start":{"line":8,"column":72},"end":{"line":8,"column":80}},"4":{"start":{"line":11,"column":22},"end":{"line":11,"column":78}},"5":{"start":{"line":12,"column":8},"end":{"line":14,"column":9}},"6":{"start":{"line":13,"column":12},"end":{"line":13,"column":90}},"7":{"start":{"line":16,"column":24},"end":{"line":22,"column":10}},"8":{"start":{"line":23,"column":8},"end":{"line":23,"column":38}},"9":{"start":{"line":25,"column":8},"end":{"line":25,"column":57}},"10":{"start":{"line":29,"column":27},"end":{"line":67,"column":1}},"11":{"start":{"line":30,"column":4},"end":{"line":66,"column":5}},"12":{"start":{"line":31,"column":68},"end":{"line":31,"column":77}},"13":{"start":{"line":33,"column":22},"end":{"line":36,"column":9}},"14":{"start":{"line":38,"column":8},"end":{"line":38,"column":68}},"15":{"start":{"line":38,"column":23},"end":{"line":38,"column":68}},"16":{"start":{"line":39,"column":8},"end":{"line":39,"column":91}},"17":{"start":{"line":39,"column":23},"end":{"line":39,"column":91}},"18":{"start":{"line":40,"column":8},"end":{"line":40,"column":39}},"19":{"start":{"line":40,"column":19},"end":{"line":40,"column":39}},"20":{"start":{"line":41,"column":8},"end":{"line":41,"column":45}},"21":{"start":{"line":41,"column":19},"end":{"line":41,"column":45}},"22":{"start":{"line":43,"column":24},"end":{"line":53,"column":9}},"23":{"start":{"line":56,"column":8},"end":{"line":60,"column":9}},"24":{"start":{"line":62,"column":25},"end":{"line":62,"column":70}},"25":{"start":{"line":63,"column":8},"end":{"line":63,"column":27}},"26":{"start":{"line":65,"column":8},"end":{"line":65,"column":57}},"27":{"start":{"line":70,"column":29},"end":{"line":113,"column":1}},"28":{"start":{"line":71,"column":4},"end":{"line":112,"column":5}},"29":{"start":{"line":72,"column":28},"end":{"line":72,"column":38}},"30":{"start":{"line":74,"column":22},"end":{"line":79,"column":10}},"31":{"start":{"line":81,"column":8},"end":{"line":83,"column":9}},"32":{"start":{"line":82,"column":12},"end":{"line":82,"column":78}},"33":{"start":{"line":86,"column":23},"end":{"line":86,"column":45}},"34":{"start":{"line":87,"column":27},"end":{"line":87,"column":152}},"35":{"start":{"line":88,"column":28},"end":{"line":88,"column":88}},"36":{"start":{"line":89,"column":26},"end":{"line":89,"column":91}},"37":{"start":{"line":91,"column":8},"end":{"line":109,"column":11}},"38":{"start":{"line":111,"column":8},"end":{"line":111,"column":57}}},"fnMap":{"0":{"name":"(anonymous_0)","decl":{"start":{"line":6,"column":29},"end":{"line":6,"column":30}},"loc":{"start":{"line":6,"column":49},"end":{"line":27,"column":1}},"line":6},"1":{"name":"(anonymous_1)","decl":{"start":{"line":29,"column":27},"end":{"line":29,"column":28}},"loc":{"start":{"line":29,"column":47},"end":{"line":67,"column":1}},"line":29},"2":{"name":"(anonymous_2)","decl":{"start":{"line":70,"column":29},"end":{"line":70,"column":30}},"loc":{"start":{"line":70,"column":49},"end":{"line":113,"column":1}},"line":70}},"branchMap":{"0":{"loc":{"start":{"line":12,"column":8},"end":{"line":14,"column":9}},"type":"if","locations":[{"start":{"line":12,"column":8},"end":{"line":14,"column":9}},{"start":{},"end":{}}],"line":12},"1":{"loc":{"start":{"line":12,"column":12},"end":{"line":12,"column":62}},"type":"binary-expr","locations":[{"start":{"line":12,"column":12},"end":{"line":12,"column":18}},{"start":{"line":12,"column":22},"end":{"line":12,"column":62}}],"line":12},"2":{"loc":{"start":{"line":38,"column":8},"end":{"line":38,"column":68}},"type":"if","locations":[{"start":{"line":38,"column":8},"end":{"line":38,"column":68}},{"start":{},"end":{}}],"line":38},"3":{"loc":{"start":{"line":39,"column":8},"end":{"line":39,"column":91}},"type":"if","locations":[{"start":{"line":39,"column":8},"end":{"line":39,"column":91}},{"start":{},"end":{}}],"line":39},"4":{"loc":{"start":{"line":40,"column":8},"end":{"line":40,"column":39}},"type":"if","locations":[{"start":{"line":40,"column":8},"end":{"line":40,"column":39}},{"start":{},"end":{}}],"line":40},"5":{"loc":{"start":{"line":41,"column":8},"end":{"line":41,"column":45}},"type":"if","locations":[{"start":{"line":41,"column":8},"end":{"line":41,"column":45}},{"start":{},"end":{}}],"line":41},"6":{"loc":{"start":{"line":56,"column":8},"end":{"line":60,"column":9}},"type":"if","locations":[{"start":{"line":56,"column":8},"end":{"line":60,"column":9}},{"start":{},"end":{}}],"line":56},"7":{"loc":{"start":{"line":81,"column":8},"end":{"line":83,"column":9}},"type":"if","locations":[{"start":{"line":81,"column":8},"end":{"line":83,"column":9}},{"start":{},"end":{}}],"line":81},"8":{"loc":{"start":{"line":87,"column":70},"end":{"line":87,"column":95}},"type":"binary-expr","locations":[{"start":{"line":87,"column":70},"end":{"line":87,"column":89}},{"start":{"line":87,"column":93},"end":{"line":87,"column":95}}],"line":87},"9":{"loc":{"start":{"line":89,"column":26},"end":{"line":89,"column":91}},"type":"cond-expr","locations":[{"start":{"line":89,"column":66},"end":{"line":89,"column":73}},{"start":{"line":89,"column":76},"end":{"line":89,"column":91}}],"line":89},"10":{"loc":{"start":{"line":106,"column":31},"end":{"line":106,"column":71}},"type":"binary-expr","locations":[{"start":{"line":106,"column":31},"end":{"line":106,"column":58}},{"start":{"line":106,"column":62},"end":{"line":106,"column":71}}],"line":106}},"s":{"0":0,"1":0,"2":0,"3":0,"4":0,"5":0,"6":0,"7":0,"8":0,"9":0,"10":0,"11":0,"12":0,"13":0,"14":0,"15":0,"16":0,"17":0,"18":0,"19":0,"20":0,"21":0,"22":0,"23":0,"24":0,"25":0,"26":0,"27":0,"28":0,"29":0,"30":0,"31":0,"32":0,"33":0,"34":0,"35":0,"36":0,"37":0,"38":0},"f":{"0":0,"1":0,"2":0},"b":{"0":[0,0],"1":[0,0],"2":[0,0],"3":[0,0],"4":[0,0],"5":[0,0],"6":[0,0],"7":[0,0],"8":[0,0],"9":[0,0],"10":[0,0]}}
,"C:\\KALIADMIN\\gendhis\\skripsi\\backend\\src\\controllers\\tambakController.js": {"path":"C:\\KALIADMIN\\gendhis\\skripsi\\backend\\src\\controllers\\tambakController.js","statementMap":{"0":{"start":{"line":5,"column":31},"end":{"line":5,"column":37}},"1":{"start":{"line":7,"column":22},"end":{"line":10,"column":1}},"2":{"start":{"line":8,"column":23},"end":{"line":8,"column":148}},"3":{"start":{"line":9,"column":4},"end":{"line":9,"column":72}},"4":{"start":{"line":12,"column":28},"end":{"line":30,"column":1}},"5":{"start":{"line":13,"column":4},"end":{"line":29,"column":5}},"6":{"start":{"line":14,"column":89},"end":{"line":14,"column":97}},"7":{"start":{"line":16,"column":23},"end":{"line":24,"column":10}},"8":{"start":{"line":25,"column":8},"end":{"line":25,"column":37}},"9":{"start":{"line":27,"column":8},"end":{"line":27,"column":53}},"10":{"start":{"line":28,"column":8},"end":{"line":28,"column":57}},"11":{"start":{"line":32,"column":26},"end":{"line":43,"column":1}},"12":{"start":{"line":33,"column":4},"end":{"line":42,"column":5}},"13":{"start":{"line":34,"column":22},"end":{"line":34,"column":24}},"14":{"start":{"line":35,"column":8},"end":{"line":37,"column":9}},"15":{"start":{"line":36,"column":12},"end":{"line":36,"column":44}},"16":{"start":{"line":38,"column":24},"end":{"line":38,"column":55}},"17":{"start":{"line":39,"column":8},"end":{"line":39,"column":26}},"18":{"start":{"line":41,"column":8},"end":{"line":41,"column":57}},"19":{"start":{"line":45,"column":27},"end":{"line":84,"column":1}},"20":{"start":{"line":46,"column":4},"end":{"line":83,"column":5}},"21":{"start":{"line":47,"column":134},"end":{"line":47,"column":142}},"22":{"start":{"line":49,"column":23},"end":{"line":49,"column":99}},"23":{"start":{"line":50,"column":8},"end":{"line":50,"column":82}},"24":{"start":{"line":50,"column":21},"end":{"line":50,"column":82}},"25":{"start":{"line":55,"column":30},"end":{"line":60,"column":10}},"26":{"start":{"line":62,"column":28},"end":{"line":62,"column":90}},"27":{"start":{"line":62,"column":61},"end":{"line":62,"column":86}},"28":{"start":{"line":63,"column":8},"end":{"line":65,"column":9}},"29":{"start":{"line":64,"column":12},"end":{"line":64,"column":70}},"30":{"start":{"line":67,"column":22},"end":{"line":75,"column":10}},"31":{"start":{"line":78,"column":8},"end":{"line":78,"column":98}},"32":{"start":{"line":80,"column":8},"end":{"line":80,"column":36}},"33":{"start":{"line":82,"column":8},"end":{"line":82,"column":57}},"34":{"start":{"line":86,"column":26},"end":{"line":106,"column":1}},"35":{"start":{"line":87,"column":4},"end":{"line":105,"column":5}},"36":{"start":{"line":88,"column":24},"end":{"line":90,"column":10}},"37":{"start":{"line":93,"column":23},"end":{"line":100,"column":10}},"38":{"start":{"line":94,"column":32},"end":{"line":94,"column":48}},"39":{"start":{"line":95,"column":31},"end":{"line":95,"column":64}},"40":{"start":{"line":96,"column":12},"end":{"line":99,"column":14}},"41":{"start":{"line":102,"column":8},"end":{"line":102,"column":25}},"42":{"start":{"line":104,"column":8},"end":{"line":104,"column":57}},"43":{"start":{"line":108,"column":29},"end":{"line":130,"column":1}},"44":{"start":{"line":109,"column":4},"end":{"line":129,"column":5}},"45":{"start":{"line":110,"column":23},"end":{"line":110,"column":33}},"46":{"start":{"line":111,"column":34},"end":{"line":111,"column":42}},"47":{"start":{"line":113,"column":22},"end":{"line":113,"column":51}},"48":{"start":{"line":114,"column":8},"end":{"line":114,"column":80}},"49":{"start":{"line":114,"column":20},"end":{"line":114,"column":80}},"50":{"start":{"line":117,"column":23},"end":{"line":117,"column":61}},"51":{"start":{"line":118,"column":8},"end":{"line":118,"column":107}},"52":{"start":{"line":118,"column":48},"end":{"line":118,"column":107}},"53":{"start":{"line":120,"column":8},"end":{"line":120,"column":46}},"54":{"start":{"line":126,"column":8},"end":{"line":126,"column":24}},"55":{"start":{"line":128,"column":8},"end":{"line":128,"column":57}}},"fnMap":{"0":{"name":"(anonymous_0)","decl":{"start":{"line":7,"column":22},"end":{"line":7,"column":23}},"loc":{"start":{"line":7,"column":33},"end":{"line":10,"column":1}},"line":7},"1":{"name":"(anonymous_1)","decl":{"start":{"line":12,"column":28},"end":{"line":12,"column":29}},"loc":{"start":{"line":12,"column":48},"end":{"line":30,"column":1}},"line":12},"2":{"name":"(anonymous_2)","decl":{"start":{"line":32,"column":26},"end":{"line":32,"column":27}},"loc":{"start":{"line":32,"column":46},"end":{"line":43,"column":1}},"line":32},"3":{"name":"(anonymous_3)","decl":{"start":{"line":45,"column":27},"end":{"line":45,"column":28}},"loc":{"start":{"line":45,"column":47},"end":{"line":84,"column":1}},"line":45},"4":{"name":"(anonymous_4)","decl":{"start":{"line":62,"column":49},"end":{"line":62,"column":50}},"loc":{"start":{"line":62,"column":61},"end":{"line":62,"column":86}},"line":62},"5":{"name":"(anonymous_5)","decl":{"start":{"line":86,"column":26},"end":{"line":86,"column":27}},"loc":{"start":{"line":86,"column":46},"end":{"line":106,"column":1}},"line":86},"6":{"name":"(anonymous_6)","decl":{"start":{"line":93,"column":35},"end":{"line":93,"column":36}},"loc":{"start":{"line":93,"column":40},"end":{"line":100,"column":9}},"line":93},"7":{"name":"(anonymous_7)","decl":{"start":{"line":108,"column":29},"end":{"line":108,"column":30}},"loc":{"start":{"line":108,"column":49},"end":{"line":130,"column":1}},"line":108}},"branchMap":{"0":{"loc":{"start":{"line":8,"column":66},"end":{"line":8,"column":91}},"type":"binary-expr","locations":[{"start":{"line":8,"column":66},"end":{"line":8,"column":85}},{"start":{"line":8,"column":89},"end":{"line":8,"column":91}}],"line":8},"1":{"loc":{"start":{"line":22,"column":22},"end":{"line":22,"column":35}},"type":"binary-expr","locations":[{"start":{"line":22,"column":22},"end":{"line":22,"column":30}},{"start":{"line":22,"column":34},"end":{"line":22,"column":35}}],"line":22},"2":{"loc":{"start":{"line":23,"column":23},"end":{"line":23,"column":37}},"type":"binary-expr","locations":[{"start":{"line":23,"column":23},"end":{"line":23,"column":32}},{"start":{"line":23,"column":36},"end":{"line":23,"column":37}}],"line":23},"3":{"loc":{"start":{"line":35,"column":8},"end":{"line":37,"column":9}},"type":"if","locations":[{"start":{"line":35,"column":8},"end":{"line":37,"column":9}},{"start":{},"end":{}}],"line":35},"4":{"loc":{"start":{"line":50,"column":8},"end":{"line":50,"column":82}},"type":"if","locations":[{"start":{"line":50,"column":8},"end":{"line":50,"column":82}},{"start":{},"end":{}}],"line":50},"5":{"loc":{"start":{"line":63,"column":8},"end":{"line":65,"column":9}},"type":"if","locations":[{"start":{"line":63,"column":8},"end":{"line":65,"column":9}},{"start":{},"end":{}}],"line":63},"6":{"loc":{"start":{"line":98,"column":27},"end":{"line":98,"column":65}},"type":"cond-expr","locations":[{"start":{"line":98,"column":40},"end":{"line":98,"column":55}},{"start":{"line":98,"column":58},"end":{"line":98,"column":65}}],"line":98},"7":{"loc":{"start":{"line":114,"column":8},"end":{"line":114,"column":80}},"type":"if","locations":[{"start":{"line":114,"column":8},"end":{"line":114,"column":80}},{"start":{},"end":{}}],"line":114},"8":{"loc":{"start":{"line":118,"column":8},"end":{"line":118,"column":107}},"type":"if","locations":[{"start":{"line":118,"column":8},"end":{"line":118,"column":107}},{"start":{},"end":{}}],"line":118}},"s":{"0":0,"1":0,"2":0,"3":0,"4":0,"5":0,"6":0,"7":0,"8":0,"9":0,"10":0,"11":0,"12":0,"13":0,"14":0,"15":0,"16":0,"17":0,"18":0,"19":0,"20":0,"21":0,"22":0,"23":0,"24":0,"25":0,"26":0,"27":0,"28":0,"29":0,"30":0,"31":0,"32":0,"33":0,"34":0,"35":0,"36":0,"37":0,"38":0,"39":0,"40":0,"41":0,"42":0,"43":0,"44":0,"45":0,"46":0,"47":0,"48":0,"49":0,"50":0,"51":0,"52":0,"53":0,"54":0,"55":0},"f":{"0":0,"1":0,"2":0,"3":0,"4":0,"5":0,"6":0,"7":0},"b":{"0":[0,0],"1":[0,0],"2":[0,0],"3":[0,0],"4":[0,0],"5":[0,0],"6":[0,0],"7":[0,0],"8":[0,0]}}
,"C:\\KALIADMIN\\gendhis\\skripsi\\backend\\src\\controllers\\walletController.js": {"path":"C:\\KALIADMIN\\gendhis\\skripsi\\backend\\src\\controllers\\walletController.js","statementMap":{"0":{"start":{"line":4,"column":55},"end":{"line":4,"column":61}},"1":{"start":{"line":6,"column":27},"end":{"line":29,"column":1}},"2":{"start":{"line":7,"column":4},"end":{"line":28,"column":5}},"3":{"start":{"line":8,"column":29},"end":{"line":8,"column":37}},"4":{"start":{"line":9,"column":26},"end":{"line":9,"column":44}},"5":{"start":{"line":11,"column":23},"end":{"line":19,"column":10}},"6":{"start":{"line":21,"column":8},"end":{"line":23,"column":9}},"7":{"start":{"line":22,"column":12},"end":{"line":22,"column":73}},"8":{"start":{"line":25,"column":8},"end":{"line":25,"column":25}},"9":{"start":{"line":27,"column":8},"end":{"line":27,"column":57}},"10":{"start":{"line":31,"column":31},"end":{"line":85,"column":1}},"11":{"start":{"line":32,"column":14},"end":{"line":32,"column":43}},"12":{"start":{"line":33,"column":4},"end":{"line":84,"column":5}},"13":{"start":{"line":34,"column":41},"end":{"line":34,"column":49}},"14":{"start":{"line":35,"column":29},"end":{"line":35,"column":37}},"15":{"start":{"line":36,"column":26},"end":{"line":36,"column":44}},"16":{"start":{"line":38,"column":8},"end":{"line":41,"column":9}},"17":{"start":{"line":39,"column":12},"end":{"line":39,"column":31}},"18":{"start":{"line":40,"column":12},"end":{"line":40,"column":71}},"19":{"start":{"line":43,"column":23},"end":{"line":47,"column":10}},"20":{"start":{"line":49,"column":8},"end":{"line":52,"column":9}},"21":{"start":{"line":50,"column":12},"end":{"line":50,"column":31}},"22":{"start":{"line":51,"column":12},"end":{"line":51,"column":73}},"23":{"start":{"line":54,"column":8},"end":{"line":57,"column":9}},"24":{"start":{"line":55,"column":12},"end":{"line":55,"column":31}},"25":{"start":{"line":56,"column":12},"end":{"line":56,"column":77}},"26":{"start":{"line":61,"column":8},"end":{"line":61,"column":73}},"27":{"start":{"line":62,"column":8},"end":{"line":62,"column":46}},"28":{"start":{"line":64,"column":8},"end":{"line":70,"column":31}},"29":{"start":{"line":72,"column":25},"end":{"line":77,"column":30}},"30":{"start":{"line":79,"column":8},"end":{"line":79,"column":25}},"31":{"start":{"line":80,"column":8},"end":{"line":80,"column":39}},"32":{"start":{"line":82,"column":8},"end":{"line":82,"column":27}},"33":{"start":{"line":83,"column":8},"end":{"line":83,"column":57}},"34":{"start":{"line":87,"column":35},"end":{"line":107,"column":1}},"35":{"start":{"line":88,"column":4},"end":{"line":106,"column":5}},"36":{"start":{"line":89,"column":29},"end":{"line":89,"column":37}},"37":{"start":{"line":90,"column":20},"end":{"line":90,"column":22}},"38":{"start":{"line":92,"column":8},"end":{"line":96,"column":9}},"39":{"start":{"line":93,"column":27},"end":{"line":93,"column":108}},"40":{"start":{"line":94,"column":12},"end":{"line":94,"column":45}},"41":{"start":{"line":94,"column":25},"end":{"line":94,"column":45}},"42":{"start":{"line":95,"column":12},"end":{"line":95,"column":40}},"43":{"start":{"line":98,"column":25},"end":{"line":101,"column":10}},"44":{"start":{"line":103,"column":8},"end":{"line":103,"column":27}},"45":{"start":{"line":105,"column":8},"end":{"line":105,"column":57}},"46":{"start":{"line":109,"column":31},"end":{"line":160,"column":1}},"47":{"start":{"line":111,"column":4},"end":{"line":111,"column":89}},"48":{"start":{"line":111,"column":35},"end":{"line":111,"column":89}},"49":{"start":{"line":113,"column":14},"end":{"line":113,"column":43}},"50":{"start":{"line":114,"column":4},"end":{"line":159,"column":5}},"51":{"start":{"line":115,"column":23},"end":{"line":115,"column":33}},"52":{"start":{"line":116,"column":27},"end":{"line":116,"column":35}},"53":{"start":{"line":118,"column":25},"end":{"line":118,"column":100}},"54":{"start":{"line":119,"column":8},"end":{"line":122,"column":9}},"55":{"start":{"line":120,"column":12},"end":{"line":120,"column":31}},"56":{"start":{"line":121,"column":12},"end":{"line":121,"column":74}},"57":{"start":{"line":124,"column":8},"end":{"line":127,"column":9}},"58":{"start":{"line":125,"column":12},"end":{"line":125,"column":31}},"59":{"start":{"line":126,"column":12},"end":{"line":126,"column":82}},"60":{"start":{"line":129,"column":8},"end":{"line":151,"column":9}},"61":{"start":{"line":130,"column":12},"end":{"line":130,"column":41}},"62":{"start":{"line":131,"column":12},"end":{"line":131,"column":47}},"63":{"start":{"line":132,"column":15},"end":{"line":151,"column":9}},"64":{"start":{"line":133,"column":12},"end":{"line":133,"column":41}},"65":{"start":{"line":134,"column":12},"end":{"line":134,"column":47}},"66":{"start":{"line":137,"column":27},"end":{"line":137,"column":109}},"67":{"start":{"line":138,"column":12},"end":{"line":138,"column":86}},"68":{"start":{"line":139,"column":12},"end":{"line":139,"column":50}},"69":{"start":{"line":141,"column":12},"end":{"line":147,"column":35}},"70":{"start":{"line":149,"column":12},"end":{"line":149,"column":31}},"71":{"start":{"line":150,"column":12},"end":{"line":150,"column":71}},"72":{"start":{"line":153,"column":8},"end":{"line":153,"column":48}},"73":{"start":{"line":154,"column":8},"end":{"line":154,"column":25}},"74":{"start":{"line":155,"column":8},"end":{"line":155,"column":66}},"75":{"start":{"line":157,"column":8},"end":{"line":157,"column":27}},"76":{"start":{"line":158,"column":8},"end":{"line":158,"column":57}}},"fnMap":{"0":{"name":"(anonymous_0)","decl":{"start":{"line":6,"column":27},"end":{"line":6,"column":28}},"loc":{"start":{"line":6,"column":47},"end":{"line":29,"column":1}},"line":6},"1":{"name":"(anonymous_1)","decl":{"start":{"line":31,"column":31},"end":{"line":31,"column":32}},"loc":{"start":{"line":31,"column":51},"end":{"line":85,"column":1}},"line":31},"2":{"name":"(anonymous_2)","decl":{"start":{"line":87,"column":35},"end":{"line":87,"column":36}},"loc":{"start":{"line":87,"column":55},"end":{"line":107,"column":1}},"line":87},"3":{"name":"(anonymous_3)","decl":{"start":{"line":109,"column":31},"end":{"line":109,"column":32}},"loc":{"start":{"line":109,"column":51},"end":{"line":160,"column":1}},"line":109}},"branchMap":{"0":{"loc":{"start":{"line":21,"column":8},"end":{"line":23,"column":9}},"type":"if","locations":[{"start":{"line":21,"column":8},"end":{"line":23,"column":9}},{"start":{},"end":{}}],"line":21},"1":{"loc":{"start":{"line":38,"column":8},"end":{"line":41,"column":9}},"type":"if","locations":[{"start":{"line":38,"column":8},"end":{"line":41,"column":9}},{"start":{},"end":{}}],"line":38},"2":{"loc":{"start":{"line":49,"column":8},"end":{"line":52,"column":9}},"type":"if","locations":[{"start":{"line":49,"column":8},"end":{"line":52,"column":9}},{"start":{},"end":{}}],"line":49},"3":{"loc":{"start":{"line":54,"column":8},"end":{"line":57,"column":9}},"type":"if","locations":[{"start":{"line":54,"column":8},"end":{"line":57,"column":9}},{"start":{},"end":{}}],"line":54},"4":{"loc":{"start":{"line":92,"column":8},"end":{"line":96,"column":9}},"type":"if","locations":[{"start":{"line":92,"column":8},"end":{"line":96,"column":9}},{"start":{},"end":{}}],"line":92},"5":{"loc":{"start":{"line":94,"column":12},"end":{"line":94,"column":45}},"type":"if","locations":[{"start":{"line":94,"column":12},"end":{"line":94,"column":45}},{"start":{},"end":{}}],"line":94},"6":{"loc":{"start":{"line":111,"column":4},"end":{"line":111,"column":89}},"type":"if","locations":[{"start":{"line":111,"column":4},"end":{"line":111,"column":89}},{"start":{},"end":{}}],"line":111},"7":{"loc":{"start":{"line":119,"column":8},"end":{"line":122,"column":9}},"type":"if","locations":[{"start":{"line":119,"column":8},"end":{"line":122,"column":9}},{"start":{},"end":{}}],"line":119},"8":{"loc":{"start":{"line":124,"column":8},"end":{"line":127,"column":9}},"type":"if","locations":[{"start":{"line":124,"column":8},"end":{"line":127,"column":9}},{"start":{},"end":{}}],"line":124},"9":{"loc":{"start":{"line":129,"column":8},"end":{"line":151,"column":9}},"type":"if","locations":[{"start":{"line":129,"column":8},"end":{"line":151,"column":9}},{"start":{"line":132,"column":15},"end":{"line":151,"column":9}}],"line":129},"10":{"loc":{"start":{"line":132,"column":15},"end":{"line":151,"column":9}},"type":"if","locations":[{"start":{"line":132,"column":15},"end":{"line":151,"column":9}},{"start":{"line":148,"column":15},"end":{"line":151,"column":9}}],"line":132}},"s":{"0":0,"1":0,"2":0,"3":0,"4":0,"5":0,"6":0,"7":0,"8":0,"9":0,"10":0,"11":0,"12":0,"13":0,"14":0,"15":0,"16":0,"17":0,"18":0,"19":0,"20":0,"21":0,"22":0,"23":0,"24":0,"25":0,"26":0,"27":0,"28":0,"29":0,"30":0,"31":0,"32":0,"33":0,"34":0,"35":0,"36":0,"37":0,"38":0,"39":0,"40":0,"41":0,"42":0,"43":0,"44":0,"45":0,"46":0,"47":0,"48":0,"49":0,"50":0,"51":0,"52":0,"53":0,"54":0,"55":0,"56":0,"57":0,"58":0,"59":0,"60":0,"61":0,"62":0,"63":0,"64":0,"65":0,"66":0,"67":0,"68":0,"69":0,"70":0,"71":0,"72":0,"73":0,"74":0,"75":0,"76":0},"f":{"0":0,"1":0,"2":0,"3":0},"b":{"0":[0,0],"1":[0,0],"2":[0,0],"3":[0,0],"4":[0,0],"5":[0,0],"6":[0,0],"7":[0,0],"8":[0,0],"9":[0,0],"10":[0,0]}}
,"C:\\KALIADMIN\\gendhis\\skripsi\\backend\\src\\middleware\\authMiddleware.js": {"path":"C:\\KALIADMIN\\gendhis\\skripsi\\backend\\src\\middleware\\authMiddleware.js","statementMap":{"0":{"start":{"line":4,"column":48},"end":{"line":4,"column":54}},"1":{"start":{"line":6,"column":27},"end":{"line":48,"column":1}},"2":{"start":{"line":9,"column":4},"end":{"line":43,"column":5}},"3":{"start":{"line":13,"column":8},"end":{"line":42,"column":9}},"4":{"start":{"line":14,"column":12},"end":{"line":14,"column":60}},"5":{"start":{"line":15,"column":28},"end":{"line":15,"column":69}},"6":{"start":{"line":17,"column":12},"end":{"line":17,"column":31}},"7":{"start":{"line":20,"column":29},"end":{"line":20,"column":33}},"8":{"start":{"line":21,"column":12},"end":{"line":24,"column":99}},"9":{"start":{"line":21,"column":42},"end":{"line":21,"column":88}},"10":{"start":{"line":22,"column":17},"end":{"line":24,"column":99}},"11":{"start":{"line":22,"column":50},"end":{"line":22,"column":99}},"12":{"start":{"line":23,"column":17},"end":{"line":24,"column":99}},"13":{"start":{"line":23,"column":50},"end":{"line":23,"column":99}},"14":{"start":{"line":24,"column":17},"end":{"line":24,"column":99}},"15":{"start":{"line":24,"column":50},"end":{"line":24,"column":99}},"16":{"start":{"line":26,"column":12},"end":{"line":28,"column":13}},"17":{"start":{"line":27,"column":16},"end":{"line":27,"column":90}},"18":{"start":{"line":31,"column":12},"end":{"line":36,"column":13}},"19":{"start":{"line":32,"column":16},"end":{"line":35,"column":19}},"20":{"start":{"line":38,"column":12},"end":{"line":38,"column":19}},"21":{"start":{"line":40,"column":12},"end":{"line":40,"column":33}},"22":{"start":{"line":41,"column":12},"end":{"line":41,"column":78}},"23":{"start":{"line":45,"column":4},"end":{"line":47,"column":5}},"24":{"start":{"line":46,"column":8},"end":{"line":46,"column":70}},"25":{"start":{"line":50,"column":30},"end":{"line":59,"column":1}},"26":{"start":{"line":51,"column":4},"end":{"line":58,"column":6}},"27":{"start":{"line":52,"column":8},"end":{"line":56,"column":9}},"28":{"start":{"line":53,"column":12},"end":{"line":55,"column":15}},"29":{"start":{"line":57,"column":8},"end":{"line":57,"column":15}},"30":{"start":{"line":61,"column":23},"end":{"line":61,"column":46}}},"fnMap":{"0":{"name":"(anonymous_0)","decl":{"start":{"line":6,"column":27},"end":{"line":6,"column":28}},"loc":{"start":{"line":6,"column":53},"end":{"line":48,"column":1}},"line":6},"1":{"name":"(anonymous_1)","decl":{"start":{"line":50,"column":30},"end":{"line":50,"column":31}},"loc":{"start":{"line":50,"column":44},"end":{"line":59,"column":1}},"line":50},"2":{"name":"(anonymous_2)","decl":{"start":{"line":51,"column":11},"end":{"line":51,"column":12}},"loc":{"start":{"line":51,"column":31},"end":{"line":58,"column":5}},"line":51}},"branchMap":{"0":{"loc":{"start":{"line":9,"column":4},"end":{"line":43,"column":5}},"type":"if","locations":[{"start":{"line":9,"column":4},"end":{"line":43,"column":5}},{"start":{},"end":{}}],"line":9},"1":{"loc":{"start":{"line":10,"column":8},"end":{"line":11,"column":54}},"type":"binary-expr","locations":[{"start":{"line":10,"column":8},"end":{"line":10,"column":33}},{"start":{"line":11,"column":8},"end":{"line":11,"column":54}}],"line":10},"2":{"loc":{"start":{"line":21,"column":12},"end":{"line":24,"column":99}},"type":"if","locations":[{"start":{"line":21,"column":12},"end":{"line":24,"column":99}},{"start":{"line":22,"column":17},"end":{"line":24,"column":99}}],"line":21},"3":{"loc":{"start":{"line":22,"column":17},"end":{"line":24,"column":99}},"type":"if","locations":[{"start":{"line":22,"column":17},"end":{"line":24,"column":99}},{"start":{"line":23,"column":17},"end":{"line":24,"column":99}}],"line":22},"4":{"loc":{"start":{"line":23,"column":17},"end":{"line":24,"column":99}},"type":"if","locations":[{"start":{"line":23,"column":17},"end":{"line":24,"column":99}},{"start":{"line":24,"column":17},"end":{"line":24,"column":99}}],"line":23},"5":{"loc":{"start":{"line":24,"column":17},"end":{"line":24,"column":99}},"type":"if","locations":[{"start":{"line":24,"column":17},"end":{"line":24,"column":99}},{"start":{},"end":{}}],"line":24},"6":{"loc":{"start":{"line":26,"column":12},"end":{"line":28,"column":13}},"type":"if","locations":[{"start":{"line":26,"column":12},"end":{"line":28,"column":13}},{"start":{},"end":{}}],"line":26},"7":{"loc":{"start":{"line":31,"column":12},"end":{"line":36,"column":13}},"type":"if","locations":[{"start":{"line":31,"column":12},"end":{"line":36,"column":13}},{"start":{},"end":{}}],"line":31},"8":{"loc":{"start":{"line":31,"column":16},"end":{"line":31,"column":77}},"type":"binary-expr","locations":[{"start":{"line":31,"column":16},"end":{"line":31,"column":41}},{"start":{"line":31,"column":45},"end":{"line":31,"column":77}}],"line":31},"9":{"loc":{"start":{"line":45,"column":4},"end":{"line":47,"column":5}},"type":"if","locations":[{"start":{"line":45,"column":4},"end":{"line":47,"column":5}},{"start":{},"end":{}}],"line":45},"10":{"loc":{"start":{"line":52,"column":8},"end":{"line":56,"column":9}},"type":"if","locations":[{"start":{"line":52,"column":8},"end":{"line":56,"column":9}},{"start":{},"end":{}}],"line":52},"11":{"loc":{"start":{"line":52,"column":12},"end":{"line":52,"column":55}},"type":"binary-expr","locations":[{"start":{"line":52,"column":12},"end":{"line":52,"column":21}},{"start":{"line":52,"column":25},"end":{"line":52,"column":55}}],"line":52},"12":{"loc":{"start":{"line":54,"column":34},"end":{"line":54,"column":67}},"type":"cond-expr","locations":[{"start":{"line":54,"column":45},"end":{"line":54,"column":58}},{"start":{"line":54,"column":61},"end":{"line":54,"column":67}}],"line":54}},"s":{"0":0,"1":0,"2":0,"3":0,"4":0,"5":0,"6":0,"7":0,"8":0,"9":0,"10":0,"11":0,"12":0,"13":0,"14":0,"15":0,"16":0,"17":0,"18":0,"19":0,"20":0,"21":0,"22":0,"23":0,"24":0,"25":0,"26":0,"27":0,"28":0,"29":0,"30":0},"f":{"0":0,"1":0,"2":0},"b":{"0":[0,0],"1":[0,0],"2":[0,0],"3":[0,0],"4":[0,0],"5":[0,0],"6":[0,0],"7":[0,0],"8":[0,0],"9":[0,0],"10":[0,0],"11":[0,0],"12":[0,0]}}
,"C:\\KALIADMIN\\gendhis\\skripsi\\backend\\src\\middleware\\uploadMiddleware.js": {"path":"C:\\KALIADMIN\\gendhis\\skripsi\\backend\\src\\middleware\\uploadMiddleware.js","statementMap":{"0":{"start":{"line":4,"column":16},"end":{"line":14,"column":2}},"1":{"start":{"line":6,"column":8},"end":{"line":6,"column":29}},"2":{"start":{"line":9,"column":8},"end":{"line":12,"column":10}},"3":{"start":{"line":17,"column":22},"end":{"line":17,"column":36}},"4":{"start":{"line":18,"column":20},"end":{"line":20,"column":5}},"5":{"start":{"line":21,"column":21},"end":{"line":21,"column":50}},"6":{"start":{"line":23,"column":4},"end":{"line":27,"column":5}},"7":{"start":{"line":24,"column":8},"end":{"line":24,"column":30}},"8":{"start":{"line":26,"column":8},"end":{"line":26,"column":38}},"9":{"start":{"line":30,"column":15},"end":{"line":36,"column":2}},"10":{"start":{"line":34,"column":8},"end":{"line":34,"column":32}}},"fnMap":{"0":{"name":"(anonymous_0)","decl":{"start":{"line":5,"column":4},"end":{"line":5,"column":5}},"loc":{"start":{"line":5,"column":31},"end":{"line":7,"column":5}},"line":5},"1":{"name":"(anonymous_1)","decl":{"start":{"line":8,"column":4},"end":{"line":8,"column":5}},"loc":{"start":{"line":8,"column":28},"end":{"line":13,"column":5}},"line":8},"2":{"name":"checkFileType","decl":{"start":{"line":16,"column":9},"end":{"line":16,"column":22}},"loc":{"start":{"line":16,"column":33},"end":{"line":28,"column":1}},"line":16},"3":{"name":"(anonymous_3)","decl":{"start":{"line":33,"column":16},"end":{"line":33,"column":17}},"loc":{"start":{"line":33,"column":41},"end":{"line":35,"column":5}},"line":33}},"branchMap":{"0":{"loc":{"start":{"line":23,"column":4},"end":{"line":27,"column":5}},"type":"if","locations":[{"start":{"line":23,"column":4},"end":{"line":27,"column":5}},{"start":{"line":25,"column":11},"end":{"line":27,"column":5}}],"line":23},"1":{"loc":{"start":{"line":23,"column":8},"end":{"line":23,"column":27}},"type":"binary-expr","locations":[{"start":{"line":23,"column":8},"end":{"line":23,"column":15}},{"start":{"line":23,"column":19},"end":{"line":23,"column":27}}],"line":23}},"s":{"0":0,"1":0,"2":0,"3":0,"4":0,"5":0,"6":0,"7":0,"8":0,"9":0,"10":0},"f":{"0":0,"1":0,"2":0,"3":0},"b":{"0":[0,0],"1":[0,0]}}
,"C:\\KALIADMIN\\gendhis\\skripsi\\backend\\src\\models\\Admin.js": {"path":"C:\\KALIADMIN\\gendhis\\skripsi\\backend\\src\\models\\Admin.js","statementMap":{"0":{"start":{"line":5,"column":14},"end":{"line":46,"column":2}},"1":{"start":{"line":34,"column":12},"end":{"line":37,"column":13}},"2":{"start":{"line":35,"column":29},"end":{"line":35,"column":53}},"3":{"start":{"line":36,"column":16},"end":{"line":36,"column":73}},"4":{"start":{"line":40,"column":12},"end":{"line":43,"column":13}},"5":{"start":{"line":41,"column":29},"end":{"line":41,"column":53}},"6":{"start":{"line":42,"column":16},"end":{"line":42,"column":73}},"7":{"start":{"line":48,"column":0},"end":{"line":50,"column":2}},"8":{"start":{"line":49,"column":4},"end":{"line":49,"column":57}}},"fnMap":{"0":{"name":"(anonymous_0)","decl":{"start":{"line":33,"column":22},"end":{"line":33,"column":23}},"loc":{"start":{"line":33,"column":39},"end":{"line":38,"column":9}},"line":33},"1":{"name":"(anonymous_1)","decl":{"start":{"line":39,"column":22},"end":{"line":39,"column":23}},"loc":{"start":{"line":39,"column":39},"end":{"line":44,"column":9}},"line":39},"2":{"name":"(anonymous_2)","decl":{"start":{"line":48,"column":35},"end":{"line":48,"column":36}},"loc":{"start":{"line":48,"column":61},"end":{"line":50,"column":1}},"line":48}},"branchMap":{"0":{"loc":{"start":{"line":34,"column":12},"end":{"line":37,"column":13}},"type":"if","locations":[{"start":{"line":34,"column":12},"end":{"line":37,"column":13}},{"start":{},"end":{}}],"line":34},"1":{"loc":{"start":{"line":40,"column":12},"end":{"line":43,"column":13}},"type":"if","locations":[{"start":{"line":40,"column":12},"end":{"line":43,"column":13}},{"start":{},"end":{}}],"line":40}},"s":{"0":0,"1":0,"2":0,"3":0,"4":0,"5":0,"6":0,"7":0,"8":0},"f":{"0":0,"1":0,"2":0},"b":{"0":[0,0],"1":[0,0]}}
,"C:\\KALIADMIN\\gendhis\\skripsi\\backend\\src\\models\\BatchUdang.js": {"path":"C:\\KALIADMIN\\gendhis\\skripsi\\backend\\src\\models\\BatchUdang.js","statementMap":{"0":{"start":{"line":5,"column":19},"end":{"line":64,"column":2}},"1":{"start":{"line":60,"column":31},"end":{"line":60,"column":156}},"2":{"start":{"line":61,"column":12},"end":{"line":61,"column":97}}},"fnMap":{"0":{"name":"(anonymous_0)","decl":{"start":{"line":57,"column":20},"end":{"line":57,"column":21}},"loc":{"start":{"line":57,"column":31},"end":{"line":62,"column":9}},"line":57}},"branchMap":{"0":{"loc":{"start":{"line":60,"column":74},"end":{"line":60,"column":99}},"type":"binary-expr","locations":[{"start":{"line":60,"column":74},"end":{"line":60,"column":93}},{"start":{"line":60,"column":97},"end":{"line":60,"column":99}}],"line":60}},"s":{"0":0,"1":0,"2":0},"f":{"0":0},"b":{"0":[0,0]}}
,"C:\\KALIADMIN\\gendhis\\skripsi\\backend\\src\\models\\Delivery.js": {"path":"C:\\KALIADMIN\\gendhis\\skripsi\\backend\\src\\models\\Delivery.js","statementMap":{"0":{"start":{"line":4,"column":17},"end":{"line":47,"column":2}}},"fnMap":{},"branchMap":{},"s":{"0":0},"f":{},"b":{}}
,"C:\\KALIADMIN\\gendhis\\skripsi\\backend\\src\\models\\Konsumen.js": {"path":"C:\\KALIADMIN\\gendhis\\skripsi\\backend\\src\\models\\Konsumen.js","statementMap":{"0":{"start":{"line":5,"column":17},"end":{"line":66,"column":2}},"1":{"start":{"line":54,"column":12},"end":{"line":57,"column":13}},"2":{"start":{"line":55,"column":29},"end":{"line":55,"column":53}},"3":{"start":{"line":56,"column":16},"end":{"line":56,"column":71}},"4":{"start":{"line":60,"column":12},"end":{"line":63,"column":13}},"5":{"start":{"line":61,"column":29},"end":{"line":61,"column":53}},"6":{"start":{"line":62,"column":16},"end":{"line":62,"column":71}},"7":{"start":{"line":68,"column":0},"end":{"line":70,"column":2}},"8":{"start":{"line":69,"column":4},"end":{"line":69,"column":57}}},"fnMap":{"0":{"name":"(anonymous_0)","decl":{"start":{"line":53,"column":22},"end":{"line":53,"column":23}},"loc":{"start":{"line":53,"column":38},"end":{"line":58,"column":9}},"line":53},"1":{"name":"(anonymous_1)","decl":{"start":{"line":59,"column":22},"end":{"line":59,"column":23}},"loc":{"start":{"line":59,"column":38},"end":{"line":64,"column":9}},"line":59},"2":{"name":"(anonymous_2)","decl":{"start":{"line":68,"column":38},"end":{"line":68,"column":39}},"loc":{"start":{"line":68,"column":64},"end":{"line":70,"column":1}},"line":68}},"branchMap":{"0":{"loc":{"start":{"line":54,"column":12},"end":{"line":57,"column":13}},"type":"if","locations":[{"start":{"line":54,"column":12},"end":{"line":57,"column":13}},{"start":{},"end":{}}],"line":54},"1":{"loc":{"start":{"line":60,"column":12},"end":{"line":63,"column":13}},"type":"if","locations":[{"start":{"line":60,"column":12},"end":{"line":63,"column":13}},{"start":{},"end":{}}],"line":60}},"s":{"0":0,"1":0,"2":0,"3":0,"4":0,"5":0,"6":0,"7":0,"8":0},"f":{"0":0,"1":0,"2":0},"b":{"0":[0,0],"1":[0,0]}}
,"C:\\KALIADMIN\\gendhis\\skripsi\\backend\\src\\models\\Logistik.js": {"path":"C:\\KALIADMIN\\gendhis\\skripsi\\backend\\src\\models\\Logistik.js","statementMap":{"0":{"start":{"line":5,"column":17},"end":{"line":62,"column":2}},"1":{"start":{"line":50,"column":12},"end":{"line":53,"column":13}},"2":{"start":{"line":51,"column":29},"end":{"line":51,"column":53}},"3":{"start":{"line":52,"column":16},"end":{"line":52,"column":71}},"4":{"start":{"line":56,"column":12},"end":{"line":59,"column":13}},"5":{"start":{"line":57,"column":29},"end":{"line":57,"column":53}},"6":{"start":{"line":58,"column":16},"end":{"line":58,"column":71}},"7":{"start":{"line":64,"column":0},"end":{"line":66,"column":2}},"8":{"start":{"line":65,"column":4},"end":{"line":65,"column":57}}},"fnMap":{"0":{"name":"(anonymous_0)","decl":{"start":{"line":49,"column":22},"end":{"line":49,"column":23}},"loc":{"start":{"line":49,"column":38},"end":{"line":54,"column":9}},"line":49},"1":{"name":"(anonymous_1)","decl":{"start":{"line":55,"column":22},"end":{"line":55,"column":23}},"loc":{"start":{"line":55,"column":38},"end":{"line":60,"column":9}},"line":55},"2":{"name":"(anonymous_2)","decl":{"start":{"line":64,"column":38},"end":{"line":64,"column":39}},"loc":{"start":{"line":64,"column":64},"end":{"line":66,"column":1}},"line":64}},"branchMap":{"0":{"loc":{"start":{"line":50,"column":12},"end":{"line":53,"column":13}},"type":"if","locations":[{"start":{"line":50,"column":12},"end":{"line":53,"column":13}},{"start":{},"end":{}}],"line":50},"1":{"loc":{"start":{"line":56,"column":12},"end":{"line":59,"column":13}},"type":"if","locations":[{"start":{"line":56,"column":12},"end":{"line":59,"column":13}},{"start":{},"end":{}}],"line":56}},"s":{"0":0,"1":0,"2":0,"3":0,"4":0,"5":0,"6":0,"7":0,"8":0},"f":{"0":0,"1":0,"2":0},"b":{"0":[0,0],"1":[0,0]}}
,"C:\\KALIADMIN\\gendhis\\skripsi\\backend\\src\\models\\Order.js": {"path":"C:\\KALIADMIN\\gendhis\\skripsi\\backend\\src\\models\\Order.js","statementMap":{"0":{"start":{"line":4,"column":14},"end":{"line":35,"column":2}}},"fnMap":{},"branchMap":{},"s":{"0":0},"f":{},"b":{}}
,"C:\\KALIADMIN\\gendhis\\skripsi\\backend\\src\\models\\OrderItem.js": {"path":"C:\\KALIADMIN\\gendhis\\skripsi\\backend\\src\\models\\OrderItem.js","statementMap":{"0":{"start":{"line":4,"column":18},"end":{"line":33,"column":2}}},"fnMap":{},"branchMap":{},"s":{"0":0},"f":{},"b":{}}
,"C:\\KALIADMIN\\gendhis\\skripsi\\backend\\src\\models\\PaymentLog.js": {"path":"C:\\KALIADMIN\\gendhis\\skripsi\\backend\\src\\models\\PaymentLog.js","statementMap":{"0":{"start":{"line":4,"column":19},"end":{"line":41,"column":2}}},"fnMap":{},"branchMap":{},"s":{"0":0},"f":{},"b":{}}
,"C:\\KALIADMIN\\gendhis\\skripsi\\backend\\src\\models\\Petambak.js": {"path":"C:\\KALIADMIN\\gendhis\\skripsi\\backend\\src\\models\\Petambak.js","statementMap":{"0":{"start":{"line":5,"column":17},"end":{"line":62,"column":2}},"1":{"start":{"line":50,"column":12},"end":{"line":53,"column":13}},"2":{"start":{"line":51,"column":29},"end":{"line":51,"column":53}},"3":{"start":{"line":52,"column":16},"end":{"line":52,"column":71}},"4":{"start":{"line":56,"column":12},"end":{"line":59,"column":13}},"5":{"start":{"line":57,"column":29},"end":{"line":57,"column":53}},"6":{"start":{"line":58,"column":16},"end":{"line":58,"column":71}},"7":{"start":{"line":64,"column":0},"end":{"line":66,"column":2}},"8":{"start":{"line":65,"column":4},"end":{"line":65,"column":57}}},"fnMap":{"0":{"name":"(anonymous_0)","decl":{"start":{"line":49,"column":22},"end":{"line":49,"column":23}},"loc":{"start":{"line":49,"column":38},"end":{"line":54,"column":9}},"line":49},"1":{"name":"(anonymous_1)","decl":{"start":{"line":55,"column":22},"end":{"line":55,"column":23}},"loc":{"start":{"line":55,"column":38},"end":{"line":60,"column":9}},"line":55},"2":{"name":"(anonymous_2)","decl":{"start":{"line":64,"column":38},"end":{"line":64,"column":39}},"loc":{"start":{"line":64,"column":64},"end":{"line":66,"column":1}},"line":64}},"branchMap":{"0":{"loc":{"start":{"line":50,"column":12},"end":{"line":53,"column":13}},"type":"if","locations":[{"start":{"line":50,"column":12},"end":{"line":53,"column":13}},{"start":{},"end":{}}],"line":50},"1":{"loc":{"start":{"line":56,"column":12},"end":{"line":59,"column":13}},"type":"if","locations":[{"start":{"line":56,"column":12},"end":{"line":59,"column":13}},{"start":{},"end":{}}],"line":56}},"s":{"0":0,"1":0,"2":0,"3":0,"4":0,"5":0,"6":0,"7":0,"8":0},"f":{"0":0,"1":0,"2":0},"b":{"0":[0,0],"1":[0,0]}}
,"C:\\KALIADMIN\\gendhis\\skripsi\\backend\\src\\models\\Tambak.js": {"path":"C:\\KALIADMIN\\gendhis\\skripsi\\backend\\src\\models\\Tambak.js","statementMap":{"0":{"start":{"line":4,"column":15},"end":{"line":47,"column":2}}},"fnMap":{},"branchMap":{},"s":{"0":0},"f":{},"b":{}}
,"C:\\KALIADMIN\\gendhis\\skripsi\\backend\\src\\models\\UdangProduk.js": {"path":"C:\\KALIADMIN\\gendhis\\skripsi\\backend\\src\\models\\UdangProduk.js","statementMap":{"0":{"start":{"line":4,"column":20},"end":{"line":39,"column":2}}},"fnMap":{},"branchMap":{},"s":{"0":0},"f":{},"b":{}}
,"C:\\KALIADMIN\\gendhis\\skripsi\\backend\\src\\models\\Wallet.js": {"path":"C:\\KALIADMIN\\gendhis\\skripsi\\backend\\src\\models\\Wallet.js","statementMap":{"0":{"start":{"line":4,"column":15},"end":{"line":25,"column":2}}},"fnMap":{},"branchMap":{},"s":{"0":0},"f":{},"b":{}}
,"C:\\KALIADMIN\\gendhis\\skripsi\\backend\\src\\models\\WalletTransaction.js": {"path":"C:\\KALIADMIN\\gendhis\\skripsi\\backend\\src\\models\\WalletTransaction.js","statementMap":{"0":{"start":{"line":4,"column":26},"end":{"line":37,"column":2}}},"fnMap":{},"branchMap":{},"s":{"0":0},"f":{},"b":{}}
,"C:\\KALIADMIN\\gendhis\\skripsi\\backend\\src\\models\\WithdrawRequest.js": {"path":"C:\\KALIADMIN\\gendhis\\skripsi\\backend\\src\\models\\WithdrawRequest.js","statementMap":{"0":{"start":{"line":4,"column":24},"end":{"line":37,"column":2}}},"fnMap":{},"branchMap":{},"s":{"0":0},"f":{},"b":{}}
,"C:\\KALIADMIN\\gendhis\\skripsi\\backend\\src\\models\\index.js": {"path":"C:\\KALIADMIN\\gendhis\\skripsi\\backend\\src\\models\\index.js","statementMap":{"0":{"start":{"line":20,"column":0},"end":{"line":20,"column":56}},"1":{"start":{"line":21,"column":0},"end":{"line":21,"column":58}},"2":{"start":{"line":24,"column":0},"end":{"line":24,"column":56}},"3":{"start":{"line":25,"column":0},"end":{"line":25,"column":58}},"4":{"start":{"line":28,"column":0},"end":{"line":28,"column":60}},"5":{"start":{"line":29,"column":0},"end":{"line":29,"column":62}},"6":{"start":{"line":32,"column":0},"end":{"line":32,"column":55}},"7":{"start":{"line":33,"column":0},"end":{"line":33,"column":57}},"8":{"start":{"line":36,"column":0},"end":{"line":36,"column":53}},"9":{"start":{"line":37,"column":0},"end":{"line":37,"column":55}},"10":{"start":{"line":40,"column":0},"end":{"line":40,"column":60}},"11":{"start":{"line":41,"column":0},"end":{"line":41,"column":62}},"12":{"start":{"line":44,"column":0},"end":{"line":44,"column":51}},"13":{"start":{"line":45,"column":0},"end":{"line":45,"column":54}},"14":{"start":{"line":48,"column":0},"end":{"line":48,"column":58}},"15":{"start":{"line":49,"column":0},"end":{"line":49,"column":60}},"16":{"start":{"line":52,"column":0},"end":{"line":52,"column":54}},"17":{"start":{"line":53,"column":0},"end":{"line":53,"column":56}},"18":{"start":{"line":56,"column":0},"end":{"line":56,"column":83}},"19":{"start":{"line":57,"column":0},"end":{"line":57,"column":65}},"20":{"start":{"line":60,"column":0},"end":{"line":60,"column":61}},"21":{"start":{"line":61,"column":0},"end":{"line":61,"column":63}},"22":{"start":{"line":63,"column":15},"end":{"line":78,"column":1}}},"fnMap":{},"branchMap":{},"s":{"0":0,"1":0,"2":0,"3":0,"4":0,"5":0,"6":0,"7":0,"8":0,"9":0,"10":0,"11":0,"12":0,"13":0,"14":0,"15":0,"16":0,"17":0,"18":0,"19":0,"20":0,"21":0,"22":0},"f":{},"b":{}}
,"C:\\KALIADMIN\\gendhis\\skripsi\\backend\\src\\routes\\adminRoutes.js": {"path":"C:\\KALIADMIN\\gendhis\\skripsi\\backend\\src\\routes\\adminRoutes.js","statementMap":{"0":{"start":{"line":5,"column":15},"end":{"line":5,"column":31}},"1":{"start":{"line":8,"column":0},"end":{"line":8,"column":84}},"2":{"start":{"line":11,"column":0},"end":{"line":11,"column":78}}},"fnMap":{},"branchMap":{},"s":{"0":0,"1":0,"2":0},"f":{},"b":{}}
,"C:\\KALIADMIN\\gendhis\\skripsi\\backend\\src\\routes\\authRoutes.js": {"path":"C:\\KALIADMIN\\gendhis\\skripsi\\backend\\src\\routes\\authRoutes.js","statementMap":{"0":{"start":{"line":17,"column":15},"end":{"line":17,"column":31}},"1":{"start":{"line":19,"column":0},"end":{"line":19,"column":46}},"2":{"start":{"line":20,"column":0},"end":{"line":20,"column":52}},"3":{"start":{"line":21,"column":0},"end":{"line":21,"column":52}},"4":{"start":{"line":22,"column":0},"end":{"line":22,"column":52}},"5":{"start":{"line":24,"column":0},"end":{"line":24,"column":40}},"6":{"start":{"line":25,"column":0},"end":{"line":25,"column":46}},"7":{"start":{"line":26,"column":0},"end":{"line":26,"column":46}},"8":{"start":{"line":27,"column":0},"end":{"line":27,"column":46}},"9":{"start":{"line":29,"column":0},"end":{"line":29,"column":48}},"10":{"start":{"line":30,"column":0},"end":{"line":30,"column":75}}},"fnMap":{},"branchMap":{},"s":{"0":0,"1":0,"2":0,"3":0,"4":0,"5":0,"6":0,"7":0,"8":0,"9":0,"10":0},"f":{},"b":{}}
,"C:\\KALIADMIN\\gendhis\\skripsi\\backend\\src\\routes\\orderRoutes.js": {"path":"C:\\KALIADMIN\\gendhis\\skripsi\\backend\\src\\routes\\orderRoutes.js","statementMap":{"0":{"start":{"line":16,"column":15},"end":{"line":16,"column":31}},"1":{"start":{"line":19,"column":0},"end":{"line":19,"column":71}},"2":{"start":{"line":20,"column":0},"end":{"line":20,"column":72}},"3":{"start":{"line":21,"column":0},"end":{"line":21,"column":88}},"4":{"start":{"line":22,"column":0},"end":{"line":22,"column":83}},"5":{"start":{"line":25,"column":0},"end":{"line":25,"column":84}},"6":{"start":{"line":28,"column":0},"end":{"line":28,"column":101}},"7":{"start":{"line":29,"column":0},"end":{"line":29,"column":87}},"8":{"start":{"line":30,"column":0},"end":{"line":30,"column":81}},"9":{"start":{"line":33,"column":0},"end":{"line":33,"column":52}},"10":{"start":{"line":36,"column":0},"end":{"line":36,"column":59}}},"fnMap":{},"branchMap":{},"s":{"0":0,"1":0,"2":0,"3":0,"4":0,"5":0,"6":0,"7":0,"8":0,"9":0,"10":0},"f":{},"b":{}}
,"C:\\KALIADMIN\\gendhis\\skripsi\\backend\\src\\routes\\productRoutes.js": {"path":"C:\\KALIADMIN\\gendhis\\skripsi\\backend\\src\\routes\\productRoutes.js","statementMap":{"0":{"start":{"line":5,"column":15},"end":{"line":5,"column":31}},"1":{"start":{"line":7,"column":0},"end":{"line":7,"column":73}},"2":{"start":{"line":8,"column":0},"end":{"line":8,"column":29}},"3":{"start":{"line":9,"column":0},"end":{"line":9,"column":45}}},"fnMap":{},"branchMap":{},"s":{"0":0,"1":0,"2":0,"3":0},"f":{},"b":{}}
,"C:\\KALIADMIN\\gendhis\\skripsi\\backend\\src\\routes\\tambakRoutes.js": {"path":"C:\\KALIADMIN\\gendhis\\skripsi\\backend\\src\\routes\\tambakRoutes.js","statementMap":{"0":{"start":{"line":5,"column":15},"end":{"line":5,"column":31}},"1":{"start":{"line":7,"column":0},"end":{"line":7,"column":72}},"2":{"start":{"line":8,"column":0},"end":{"line":8,"column":41}},"3":{"start":{"line":9,"column":0},"end":{"line":9,"column":76}},"4":{"start":{"line":10,"column":0},"end":{"line":10,"column":46}},"5":{"start":{"line":11,"column":0},"end":{"line":11,"column":89}}},"fnMap":{},"branchMap":{},"s":{"0":0,"1":0,"2":0,"3":0,"4":0,"5":0},"f":{},"b":{}}
,"C:\\KALIADMIN\\gendhis\\skripsi\\backend\\src\\routes\\walletRoutes.js": {"path":"C:\\KALIADMIN\\gendhis\\skripsi\\backend\\src\\routes\\walletRoutes.js","statementMap":{"0":{"start":{"line":5,"column":15},"end":{"line":5,"column":31}},"1":{"start":{"line":7,"column":0},"end":{"line":7,"column":44}},"2":{"start":{"line":8,"column":0},"end":{"line":8,"column":55}},"3":{"start":{"line":9,"column":0},"end":{"line":9,"column":58}},"4":{"start":{"line":10,"column":0},"end":{"line":10,"column":76}}},"fnMap":{},"branchMap":{},"s":{"0":0,"1":0,"2":0,"3":0,"4":0},"f":{},"b":{}}
,"C:\\KALIADMIN\\gendhis\\skripsi\\backend\\src\\utils\\distance.js": {"path":"C:\\KALIADMIN\\gendhis\\skripsi\\backend\\src\\utils\\distance.js","statementMap":{"0":{"start":{"line":1,"column":33},"end":{"line":16,"column":1}},"1":{"start":{"line":2,"column":4},"end":{"line":2,"column":52}},"2":{"start":{"line":2,"column":42},"end":{"line":2,"column":52}},"3":{"start":{"line":4,"column":14},"end":{"line":4,"column":18}},"4":{"start":{"line":5,"column":17},"end":{"line":5,"column":48}},"5":{"start":{"line":6,"column":17},"end":{"line":6,"column":48}},"6":{"start":{"line":8,"column":8},"end":{"line":12,"column":26}},"7":{"start":{"line":13,"column":14},"end":{"line":13,"column":60}},"8":{"start":{"line":14,"column":14},"end":{"line":14,"column":19}},"9":{"start":{"line":15,"column":4},"end":{"line":15,"column":24}}},"fnMap":{"0":{"name":"(anonymous_0)","decl":{"start":{"line":1,"column":33},"end":{"line":1,"column":34}},"loc":{"start":{"line":1,"column":61},"end":{"line":16,"column":1}},"line":1}},"branchMap":{"0":{"loc":{"start":{"line":2,"column":4},"end":{"line":2,"column":52}},"type":"if","locations":[{"start":{"line":2,"column":4},"end":{"line":2,"column":52}},{"start":{},"end":{}}],"line":2},"1":{"loc":{"start":{"line":2,"column":8},"end":{"line":2,"column":40}},"type":"binary-expr","locations":[{"start":{"line":2,"column":8},"end":{"line":2,"column":13}},{"start":{"line":2,"column":17},"end":{"line":2,"column":22}},{"start":{"line":2,"column":26},"end":{"line":2,"column":31}},{"start":{"line":2,"column":35},"end":{"line":2,"column":40}}],"line":2}},"s":{"0":0,"1":0,"2":0,"3":0,"4":0,"5":0,"6":0,"7":0,"8":0,"9":0},"f":{"0":0},"b":{"0":[0,0],"1":[0,0,0,0]}}
,"C:\\KALIADMIN\\gendhis\\skripsi\\backend\\src\\utils\\midtrans.js": {"path":"C:\\KALIADMIN\\gendhis\\skripsi\\backend\\src\\utils\\midtrans.js","statementMap":{"0":{"start":{"line":3,"column":0},"end":{"line":3,"column":16}},"1":{"start":{"line":5,"column":13},"end":{"line":9,"column":2}}},"fnMap":{},"branchMap":{},"s":{"0":0,"1":0},"f":{},"b":{}}
,"C:\\KALIADMIN\\gendhis\\skripsi\\backend\\src\\utils\\qr.js": {"path":"C:\\KALIADMIN\\gendhis\\skripsi\\backend\\src\\utils\\qr.js","statementMap":{"0":{"start":{"line":3,"column":30},"end":{"line":10,"column":1}},"1":{"start":{"line":4,"column":4},"end":{"line":9,"column":5}},"2":{"start":{"line":5,"column":8},"end":{"line":5,"column":44}},"3":{"start":{"line":7,"column":8},"end":{"line":7,"column":27}},"4":{"start":{"line":8,"column":8},"end":{"line":8,"column":20}}},"fnMap":{"0":{"name":"(anonymous_0)","decl":{"start":{"line":3,"column":30},"end":{"line":3,"column":31}},"loc":{"start":{"line":3,"column":46},"end":{"line":10,"column":1}},"line":3}},"branchMap":{},"s":{"0":0,"1":0,"2":0,"3":0,"4":0},"f":{"0":0},"b":{}}
}
